ASA Ltd.     (C) ALOGIT 4.5 serial 4514
Licensed to: Peter Hajduk, HSL                                           

File not found: Alo45.EXE                                                       

Run started at 15:10:24 on  2 May 25
 
Allocating and deallocating memory
 
INPUT allocating       36041.020 K bytes
 
INFORMATION 253:   FILE  1 : first main file
C:..neisto\\uudet2023\\havainnot23\\ACCM.txt 447621 b. Date:  5 Feb 25 at 12:05
 
INFORMATION 253:   FILE  2 : keyed file
C:..sto\\uudet2023\\zonedata_base_folded.csv 409795 b. Date:  2 May 25 at 14:56
 
INFORMATION 253:   FILE  3 : keyed file
C:..t2023\\accessibility_example_reduced.csv  36558 b. Date:  2 May 25 at 10:32
 
INFORMATION 125: control file completed:     665 lines
C:..helmet_estimation\ohjaus\H146_manual.alo  10617 b. Date:  5 Feb 25 at 14:02
 
Function defined in control file: PREP & ESTIM
 
TEMP - ALTSRT allocating          60.000 K bytes
 
Free   TEMP - ALTSRT          60.000 K bytes
 
TEMP - COESRT allocating          39.996 K bytes
 
WARNING 178: coefficient K_7_17     not used in model
 
WARNING 178: coefficient M_7_17     not used in model
 
WARNING 178: coefficient C2TXXX     not used in model
 
WARNING 178: coefficient C4OXXX     not used in model
 
WARNING 178: coefficient C5AXXX     not used in model
 
WARNING 178: coefficient C24KMMX    not used in model
 
WARNING 178: coefficient T1hw_t     not used in model
 
WARNING 178: coefficient M1ho_w     not used in model
 
WARNING 178: coefficient O_18_29    not used in model
 
WARNING 178: coefficient M_18_29    not used in model
 
WARNING 178: coefficient M_30_49    not used in model
 
WARNING 178: coefficient M_50_64    not used in model
 
WARNING 178: coefficient T2hw_t     not used in model
 
WARNING 178: coefficient H2erpi     not used in model
 
WARNING 178: coefficient T3hw_t     not used in model
 
WARNING 178: coefficient M4ho_w     not used in model
 
WARNING 178: coefficient H4asti     not used in model
 
WARNING 178: coefficient H1kanta    not used in model
 
WARNING 178: coefficient T4hw_w     not used in model
 
WARNING 178: coefficient M0ho_w     not used in model
 
Free   TEMP - COESRT          39.996 K bytes
 
ARRAYs increase data requirement       979      1033
Distinct data item names       368
 
$PRINT controls
 Matrix statistics print      =   0
 Iteration print              =   2
 Number of rej. obs. output   =  25
 Transformations print        =   F
 Probability test level       =   .000000
 Reject observation is ERROR  =   F
 Accepted range for choice    =   .100000
 Out-of-range prints made     =     3
 Print only chosen alts.      =   F
 
$GEN.STATS controls
     6 total items selected
 
$ESTIMATE controls
 Control present = T
 Estimation done = F
 Linear first    = T
 Estimate later  = F
 Accept error    = F
 Error print     = 1
 
 
$ALGOR controls
 Maximum iterations          =  60
 Convergence level           =   .1000E-01
 1st derivative perp. test   =   .1000E-05
 Function rate of increase   =  -999.9
 Matrix inversion tolerance  =   .1000E-05
 Step reduction factor       =   .1500
 Cubic step adjustment will be used
 Convergence option          =   3
 Maximum step-reducing loops =   4
 
$KEEP (and protected FILE) items
 zone      ; pop       ; age7to17  ; age18to29 ; age30to49
 age50to64 ; age64to99 ; age7to99  ; age18to99 ; female
 male      ; popDens   ; workplaces; service   ; shops
 logistics ; industry  ; parkCostW ; parkCostE ; schoolL1
 schoolL2  ; schoolL3  ; area      ; detachS   ; detachSqrt
 helsinki  ; cbd       ; lauttaS   ; helsOther ; espooVantK
 surround  ; shopsCbd  ; shopsElse ; carDens   ; carsPer1K
 saav_hu_t ; saav_ho_w
 
 
REPORT OF COEFFICIENTS
 
Label      Con   Value      Type
-------    ---   -----      -----
O3hu_t      F    .0000      Utility
O2hu_t      F    .0000      Utility
H4erpi      F    .0000      Utility
M3ho_w      F    .0000      Utility
M2ho_w      F    .0000      Utility
M_65v       F    .0000      Utility
A_65v       F    .0000      Utility
A_50_64     F    .0000      Utility
A_30_49     F    .0000      Utility
A_18_29     F    .0000      Utility
O_65v       F    .0000      Utility
O_50_64     F    .0000      Utility
O_30_49     F    .0000      Utility
O1hu_t      F    .0000      Utility
T_65v       F    .0000      Utility
T_50_64     F    .0000      Utility
T_30_49     F    .0000      Utility
T_18_29     F    .0000      Utility
H1erpi      F    .0000      Utility
I01_65      F    .0000      Utility
I01_5064    F    .0000      Utility
H4HAP       F    .0000      Utility
H3HAP       F    .0000      Utility
H2HAP       F    .0000      Utility
C38MMMM     F    .0000      Utility
C37AMMM     F    .0000      Utility
C36AAMM     F    .0000      Utility
C35AAAM     F    .0000      Utility
C34AAAA     F    .0000      Utility
C33TMMM     F    .0000      Utility
C32TAMM     F    .0000      Utility
C31TAAM     F    .0000      Utility
C30MMMX     F    .0000      Utility
C29AMMX     F    .0000      Utility
C28AAMX     F    .0000      Utility
C27AAAX     F    .0000      Utility
C26OMMX     F    .0000      Utility
C25OAMX     F    .0000      Utility
C23KAMX     F    .0000      Utility
C22TMMX     F    .0000      Utility
C21TAMX     F    .0000      Utility
C20TAAX     F    .0000      Utility
C19TTMX     F    .0000      Utility
C18MMXX     F    .0000      Utility
C17AMXX     F    .0000      Utility
C16AAXX     F    .0000      Utility
C15OMXX     F    .0000      Utility
C14OAXX     F    .0000      Utility
C13KMXX     F    .0000      Utility
C12KAXX     F    .0000      Utility
C11KKXX     F    .0000      Utility
C10TMXX     F    .0000      Utility
C9TAXX      F    .0000      Utility
C8TOXX      F    .0000      Utility
C7TTXX      F    .0000      Utility
C6MXXX      F    .0000      Utility
C3KXXX      F    .0000      Utility
ncoeff      F    1.000      Tree
 
Free     alpha array        4000.000 K bytes
 
Report of main memory usage
Storage ndata:       1.033 mdata:    1000.000
Storage    np:        .058    mp:      10.000
Storage    na:        .043  malt:      15.000
Storage   nut:        .271   mut:     200.000
Storage ntran:        .350 mtran:    2000.000
 
TREE allocating            .352 K bytes
 
INFORMATION 001: control file processing time      .51 secs.
 
DATA allocating           8.936 K bytes
 
OBSERVATION REJECTED 518:        145: choice Alt.000009 unavailable
 
OBSERVATION REJECTED 518:       1823: choice Alt.000021 unavailable
 
OBSERVATION REJECTED 518:       4372: choice Alt.000029 unavailable
 
OBSERVATION REJECTED 518:       4406: choice Alt.000029 unavailable
 
OBSERVATION REJECTED 518:       4567: choice Alt.000009 unavailable
 
OBSERVATION REJECTED 518:       5094: choice Alt.000002 unavailable
 
OBSERVATION REJECTED 518:       5535: choice Alt.000010 unavailable
 
OBSERVATION REJECTED 518:       5717: choice Alt.000002 unavailable
 
OBSERVATION REJECTED 518:       5813: choice Alt.000002 unavailable
 
OBSERVATION REJECTED 518:       8205: choice Alt.000002 unavailable
 
INFORMATION 534: reached end of file   1 after     8863 records
 
Data input completed after    8863 records
 
Rejected    10 observations with unacceptable choices
 
Rejected on EXCLUDE(   1):    92 observations
 
Rejected on EXCLUDE(   4):     2 observations
 
PRVEST allocating            .024 K bytes
 
 
SELECTED STATISTICS
 
Total weight of data is    11627.86
 
Data Item  % Non-Zero  Minimum  Maximum  Average  Std. Dev.
---------  ----------  -------  -------  -------  ---------
CHOICE         100.00     1.00    38.00     6.75       6.83
WEIGHT         100.00      .07    10.13     3.02       2.20
xfactor        100.00     8.20  1266.00   378.07     275.38
ttype          100.00     1.00    38.00     6.75       6.83
detachS         82.03      .00     1.00      .36        .34
saav_hu_t      100.00     -.70    11.19     9.52       1.52
 
Free    INPUT (only)            .024 K bytes
 
Free            DATA           2.672 K bytes
 
INFORMATION 002: data processing time      .95 secs.
 
C:..lmet_estimation\ohjaus\H146_manual.F11    6.562 Mb Date:  2 May 25 at 15:10
 
Free    INPUT (only)        9781.024 K bytes
 
ESTIMATE allocating           1.716 K bytes
 
Free     (pre-ESTIM)       22100.000 K bytes
 
ALGOR+FUNC allocating          69.104 K bytes
 
INFORMATION 603: linear ("Quick") algorithm being used
 
Coeff.  O3hu_t   old   .0000    ,  change  .6962E-01,  std. err.  .2826E-01
Coeff.  M2ho_w   old   .0000    ,  change  .9014E-02,  std. err.  .2129E-01
Coeff.  M_65v    old   .0000    ,  change  .7054    ,  std. err.  .5324E-01
Coeff.  A_65v    old   .0000    ,  change  .5434    ,  std. err.  .8647E-01
Coeff.  T_65v    old   .0000    ,  change  3.771    ,  std. err.  .9608E-01
Coeff. T_50_64   old   .0000    ,  change  5.343    ,  std. err.  .9374E-01
Coeff. T_30_49   old   .0000    ,  change  5.494    ,  std. err.  .8642E-01
Coeff. T_18_29   old   .0000    ,  change  4.985    ,  std. err.  .9293E-01
Coeff.  I01_65   old   .0000    ,  change  5.847    ,  std. err.  .1498
Coeff. I01_5064  old   .0000    ,  change  1.503    ,  std. err.  .1383
Coeff. C13KMXX   old   .0000    ,  change  2.946    ,  std. err.  .1932
Coeff.  C3KXXX   old   .0000    ,  change  4.118    ,  std. err.  .1054
Iteration  1  Function = -38886.8786   Conv.(3) = 292.
Iteration  2  Function = -46300.0307 not improving, factor =.4992
 
Coeff.  O3hu_t   old   .3475E-01,  change  .3927E-01,  std. err.  .5834E-01
Coeff.  M2ho_w   old   .4499E-02,  change  .2391    ,  std. err.  .2869E-01
Coeff. A_30_49   old  -.1797E-01,  change  .2605    ,  std. err.  .8417E-01
Coeff.  O1hu_t   old  -.9239E-01,  change  .1333    ,  std. err.  .1357E-01
Coeff.  H4HAP    old  -.3058E-01,  change  .1717    ,  std. err.  .9720E-01
Coeff.  H3HAP    old  -.1150E-01,  change  .4225    ,  std. err.  .8238E-01
Coeff.  H2HAP    old  -.6239E-01,  change  .8347    ,  std. err.  .6792E-01
Coeff. C21TAMX   old  -4.291    ,  change  .5868    ,  std. err.  .1523
Coeff. C20TAAX   old  -4.248    ,  change  .1387    ,  std. err.  .1509
Coeff. C10TMXX   old  -3.559    ,  change  .5885    ,  std. err.  .2534
Coeff.  C9TAXX   old  -3.567    ,  change  .5758    ,  std. err.  .2707
Coeff.  C3KXXX   old   2.055    ,  change  .3192    ,  std. err.  .7721E-01
Iteration  3  Function = -29060.3303   Conv.(3) = 116.
 
Coeff.  O3hu_t   old   .7402E-01,  change  .1747    ,  std. err.  .1038
Coeff.  O2hu_t   old  -.7636E-02,  change  .1659    ,  std. err.  .6525E-01
Coeff.  H4erpi   old  -.4300E-02,  change  .2343    ,  std. err.  .2939
Coeff.  M3ho_w   old  -.8980E-01,  change  .2930E-01,  std. err.  .2421E-01
Coeff.  M_65v    old  -.5649    ,  change  .3746    ,  std. err.  .8667E-01
Coeff.  A_65v    old  -.3793    ,  change  .6854E-01,  std. err.  .1042
Coeff. A_18_29   old  -.7582    ,  change  .1989    ,  std. err.  .7481E-01
Coeff.  O_65v    old  -5.084    ,  change  .5363    ,  std. err.  .2674
Coeff. O_30_49   old  -2.697    ,  change  .4909    ,  std. err.  .1334
Coeff.  T_65v    old  -3.870    ,  change  1.482    ,  std. err.  .1562
Coeff. T_50_64   old  -.8011E-01,  change  .8674    ,  std. err.  .7049E-01
Coeff. T_30_49   old   .5285    ,  change  .7285    ,  std. err.  .5315E-01
Coeff. T_18_29   old  -.1592E-01,  change  .8870    ,  std. err.  .6504E-01
Coeff.  H1erpi   old  -.3104    ,  change  .2593E-01,  std. err.  .6588E-01
Coeff.  I01_65   old  -2.502    ,  change  4.610    ,  std. err.  .1386
Coeff. I01_5064  old  -.8661    ,  change  .7425    ,  std. err.  .8759E-01
Coeff.  H4HAP    old   .1411    ,  change  .5955    ,  std. err.  .2096
Coeff.  H3HAP    old   .4110    ,  change  .2663    ,  std. err.  .1335
Coeff. C36AAMM   old  -4.816    ,  change  .6105    ,  std. err.  .2962
Coeff. C35AAAM   old  -4.757    ,  change  .7462    ,  std. err.  .2896
Coeff. C30MMMX   old  -4.502    ,  change  .3205    ,  std. err.  .3210
Coeff. C29AMMX   old  -3.448    ,  change  1.257    ,  std. err.  .2710
Coeff. C28AAMX   old  -3.548    ,  change  1.281    ,  std. err.  .2764
Coeff. C27AAAX   old  -4.135    ,  change  .6859    ,  std. err.  .2970
Coeff. C18MMXX   old  -5.013    ,  change  1.316    ,  std. err.  .2068
Coeff. C17AMXX   old  -3.566    ,  change  .9404    ,  std. err.  .2032
Coeff. C16AAXX   old  -4.212    ,  change  1.119    ,  std. err.  .2034
Coeff. C13KMXX   old   .3112    ,  change  .9236    ,  std. err.  .1961
Coeff. C12KAXX   old  -1.833    ,  change  .9713    ,  std. err.  .2292
Coeff. C11KKXX   old  -2.856    ,  change  .7364    ,  std. err.  .2847
Coeff.  C7TTXX   old  -6.518    ,  change  .9951    ,  std. err.  .2706
Coeff.  C3KXXX   old   2.375    ,  change  .3470    ,  std. err.  .8780E-01
Iteration  4  Function = -25676.3861   Conv.(3) = 48.5
 
Coeff.  O3hu_t   old   .2488    ,  change  .3533    ,  std. err.  .1802
Coeff.  O2hu_t   old   .1583    ,  change  .2508E-01,  std. err.  .7847E-01
Coeff. O_30_49   old  -2.206    ,  change  .7776E-01,  std. err.  .1324
Coeff.  H4HAP    old   .7366    ,  change  .2545    ,  std. err.  .2598
Coeff. C22TMMX   old  -4.482    ,  change  .3502E-01,  std. err.  .1584
Coeff. C21TAMX   old  -3.841    ,  change  .1278    ,  std. err.  .1527
Coeff. C20TAAX   old  -4.108    ,  change  .7658E-01,  std. err.  .1647
Coeff. C19TTMX   old  -5.457    ,  change  .2209    ,  std. err.  .2338
Coeff. C17AMXX   old  -2.626    ,  change  .1606    ,  std. err.  .2215
Coeff. C16AAXX   old  -3.093    ,  change  .1512    ,  std. err.  .2245
Coeff. C13KMXX   old   1.235    ,  change  .7707E-01,  std. err.  .2125
Coeff. C12KAXX   old  -.8616    ,  change  .7568E-01,  std. err.  .2419
Coeff. C10TMXX   old  -3.247    ,  change  .1053    ,  std. err.  .2171
Coeff.  C9TAXX   old  -3.119    ,  change  .1495    ,  std. err.  .2318
Coeff.  C3KXXX   old   2.722    ,  change  .4301E-01,  std. err.  .9507E-01
Iteration  5  Function = -25515.2886   Conv.(3) = 23.8
 
Coeff.  O3hu_t   old   .6020    ,  change  .3829    ,  std. err.  .2808
Coeff.  M2ho_w   old   .1540    ,  change  .1093E-01,  std. err.  .2295E-01
Coeff.  M_65v    old  -.2362    ,  change  .1458    ,  std. err.  .8328E-01
Coeff.  A_65v    old  -.7445    ,  change  .3592    ,  std. err.  .9997E-01
Coeff.  O_65v    old  -4.595    ,  change  .1702    ,  std. err.  .2663
Coeff.  T_65v    old  -3.048    ,  change  .4894    ,  std. err.  .1418
Coeff. T_30_49   old   1.064    ,  change  .1433E-01,  std. err.  .5032E-01
Coeff.  I01_65   old  -1.582    ,  change  1.732    ,  std. err.  .1193
Coeff.  H2HAP    old   .4419    ,  change  .1677E-01,  std. err.  .5166E-01
Iteration  6  Function = -24301.1389   Conv.(3) = 15.8
 
Coeff.  O3hu_t   old   .9849    ,  change  .2387    ,  std. err.  .3896
Coeff.  A_65v    old  -.3853    ,  change  .7006E-01,  std. err.  .1064
Coeff.  T_65v    old  -2.559    ,  change  .5923E-01,  std. err.  .1479
Iteration  7  Function = -24119.3045   Conv.(3) = 3.23
 
Iteration  8  Function = -24077.9165   Conv.(3) = .345
 
Iteration  9  Function = -24077.7702   Conv.(3) = .628E-02
 
 
Convergence achieved after   9 iterations
 
Analysis is based on   8759 observations
 
 
Log Likelihood with Zero Coefficients =  -38886.8787
 
Log Likelihood with Constants only    =  -26063.6591
 
Initial Log Likelihood                =  -38886.8786
 
 
Final value of Log Likelihood         =  -24077.7702
 
 
   "Rho-Squared" w.r.t. Zero      =  .3808
 
   "Rho-Squared" w.r.t. Constants =  .0762
 
 
ESTIMATES OBTAINED AT ITERATION  9
 
Log Likelihood =  -24077.7702
 
                            'Robust' errors
 Coefficient   Estimate   Std. Error 't' ratio
    O3hu_t     1.275       .616         2.1
    O2hu_t     .1825       .878E-01     2.1
    H4erpi     .2152       .276          .8
    M3ho_w    -.6307E-01   .221E-01    -2.9
    M2ho_w     .1662       .239E-01     7.0
    M_65v     -.8792E-01   .879E-01    -1.0
    A_65v     -.3236       .106        -3.1
   A_50_64    -.7613       .808E-01    -9.4
   A_30_49    -.1689E-01   .575E-01     -.3
   A_18_29    -.5641       .735E-01    -7.7
    O_65v     -4.406       .299       -14.8
   O_50_64    -3.669       .265       -13.8
   O_30_49    -2.124       .129       -16.5
    O1hu_t    -.1135E-01   .797E-02    -1.4
    T_65v     -2.506       .142       -17.6
   T_50_64     .6686       .749E-01     8.9
   T_30_49     1.081       .511E-01    21.1
   T_18_29     .7005       .621E-01    11.3
    H1erpi    -.3242       .619E-01    -5.2
    I01_65    -.2220       .118        -1.9
   I01_5064   -.1854       .855E-01    -2.2
    H4HAP      1.035       .280         3.7
    H3HAP      .5884       .109         5.4
    H2HAP      .4595       .519E-01     8.8
   C38MMMM    -6.129       .447       -13.7
   C37AMMM    -5.498       .342       -16.1
   C36AAMM    -4.728       .322       -14.7
   C35AAAM    -4.600       .246       -18.7
   C34AAAA    -6.781       .600       -11.3
   C33TMMM    -7.992       .674       -11.9
   C32TAMM    -7.208       .542       -13.3
   C31TAAM    -6.813       .456       -14.9
   C30MMMX    -4.221       .276       -15.3
   C29AMMX    -2.677       .207       -13.0
   C28AAMX    -2.768       .217       -12.7
   C27AAAX    -3.510       .245       -14.3
   C26OMMX    -16.78       6.29        -2.7
   C25OAMX    -15.50       6.48        -2.4
   C23KAMX    -.8715       .322        -2.7
   C22TMMX    -4.471       .167       -26.8
   C21TAMX    -3.748       .155       -24.2
   C20TAAX    -4.067       .163       -24.9
   C19TTMX    -5.262       .218       -24.2
   C18MMXX    -3.772       .215       -17.6
   C17AMXX    -2.651       .209       -12.7
   C16AAXX    -3.086       .212       -14.5
   C15OMXX    -4.808       .896        -5.4
   C14OAXX    -4.812       .899        -5.4
   C13KMXX     1.208       .208         5.8
   C12KAXX    -.8896       .239        -3.7
   C11KKXX    -2.165       .312        -6.9
   C10TMXX    -3.261       .208       -15.7
    C9TAXX    -3.101       .222       -14.0
    C8TOXX    -7.059       .913        -7.7
    C7TTXX    -5.631       .250       -22.5
    C6MXXX    -.4820       .577E-01    -8.4
    C3KXXX     2.768       .962E-01    28.8
 
Convergence (option 3) value is    .6278E-02
 
 
Correlations of robust errors (multiplied by 1000)
 
            O3hu O2hu H4er M3ho M2ho M_65 A_65 A_50 A_30 A_18 O_65 O_50 O_30 O1hu T_65 T_50 T_30
  O2hu_t       6
  H4erpi      -1   -5
  M3ho_w     -49   -1  -11
  M2ho_w      13 -105  -85   22
  M_65v       15    5  -16  -22  -30
  A_65v       12    3  -32  -15   40  667
 A_50_64       8   -3  -26    7   85  121  430
 A_30_49      -5    3  -27  -11  102  162  435  521
 A_18_29      31   11  -35   -9   85  135  346  379  434
  O_65v       67   -8   -1   -1    0  166  182   63   68   32
 O_50_64       9  -40    5    3   -3    0   44  125   49  -15   53
 O_30_49    -116   39   -3    4    3    5   13   21   75  -29  110  104
  O1hu_t      30   -2  -27    7   87    6  188  232  241  379 -126 -153 -329
  T_65v        7    4  -23  -10   24  471  600  289  295  223  133   32   10  137
 T_50_64       5   -3   -5   14   91    0  347  676  443  316   49  157   16  256  266
 T_30_49       2    4  -52    9  139    8  311  451  629  340   44   52  131  251  249  488
 T_18_29      11   12  -32   10  106    3  238  318  330  435  -39  -42 -148  506  189  363  373
  H1erpi     -16   -2  125    2 -401    6 -139 -205 -289 -210  -18   -9  -23 -170 -101 -223 -346
  I01_65      11    5   -8  -12  -29  741  865  336  326  259  194   39    7  147  602  283  229
 I01_5064      0    0   26   13  -35   -4  274  590  304  221   39  144    7  184  201  705  316
  H4HAP        0   -1 -311    3    7   22   37   -8  -17   13    7   -3    6    0   20  -15    0
  H3HAP      -53    4    5   22  -12  -92  -98  -45  -35   33   -9  -14  -10    9 -103  -25  -34
  H2HAP        8   64    1   -3  165  -28  -47  -63  -47   20  -19   -7  -14    7  -26  -43  -39
 C38MMMM       0    2 -181    2   10   -5   26   66   68   37   -2    7   -1   42   23   70   70
 C37AMMM      -2    1 -217    7    3 -114 -114  -38  -48  -60  -24   -1   -7    0  -61   -1   -7
 C36AAMM      -2    3 -184    5   -9 -144 -140  -44  -47  -63  -29    0   -8    0  -74    1  -10
 C35AAAM      -3    1   85    4  -11 -167 -165  -61  -60  -82  -34    1  -11   -1  -87    5  -14
 C34AAAA       0    5  -62    2   -1    9  -21   -9  -18    6    1    1    3   -3    1   -1    3
 C33TMMM       0    0    5    1    2   -9  -15   -3    1   -4   -4    0   -2   -1  -14   -5  -14
 C32TAMM      -1    0   64    1  -12  -18  -63  -93  -80  -74   -9   -9   -5  -36  -37  -81  -75
 C31TAAM      -1    2   36    1  -20  -31  -78  -77 -116  -77  -13   -7  -10  -37  -53  -67 -105
 C30MMMX      47    0    6 -637   -9   39  133  115  102   68   15   19   -2   59  103  122   95
 C29AMMX      52   -3   30 -734  -67 -129 -124  -81  -98  -92  -27    4   -1  -31  -47  -22  -36
 C28AAMX      54    0   19 -763  -41  -97  -92  -69  -80  -94  -23    2   -4  -20  -32  -16  -25
 C27AAAX      47    1   16 -658  -45   49    5  -37  -54  -71    2    1   -2  -18   34  -21  -22
 C26OMMX    -998   -5    2   22  -13  -12   -8   -5    9  -27  -59  -12  114  -26   -3   -2    0
 C25OAMX    -999   -6    2   19  -14  -16  -13  -10    2  -36  -70  -12  110  -28   -7   -6   -4
 C23KAMX      18    0   11 -385  -29    3   -5  -15  -13  -11   -1   -1   -3   -9   -2  -12  -17
 C22TMMX      22   -5    8  -14  -32   29   25    6  -18  -36    0    7    2  -19   12  -45  -47
 C21TAMX      22   -4   30  -15 -100   44  -94 -276 -321 -289   -8  -18  -11 -146  -11 -256 -298
 C20TAAX      25   -4   22   -6  -81  -23 -153 -268 -305 -262  -25  -19  -10 -133 -109 -242 -273
 C19TTMX      21   -3   10   -1  -29   23   18    3  -20  -23   -1    5   -1  -15    8  -38  -35
 C18MMXX     -13   81   76  -27 -910   31   95   69   39   15   19   23    2    6   70   80   16
 C17AMXX     -17   82   87   -7 -944 -115 -167 -144 -189 -165  -23    3   -4  -91  -94  -90 -146
 C16AAXX     -14   82   85   -7 -942   44  -64 -123 -147 -140    4    4   -5  -88  -17  -84 -146
 C15OMXX      -6 -965   22   -3 -119    0    2    4   -7   -1  -10   22  -73   24    1    5  -15
 C14OAXX      -7 -959   25   -2 -123  -10  -28  -29  -52  -62  -19   31  -98    3  -19  -23  -48
 C13KMXX     -21   89   79  167 -883   13  -52  -88 -113  -93   -3    3   -4  -81  -30  -83 -134
 C12KAXX     -18   78   68  145 -774   11  -45  -75  -97  -79   -3    3   -3  -69  -25  -71 -115
 C11KKXX     -14   61   53  111 -603    9  -35  -58  -75  -61   -2    2   -2  -53  -20  -55  -89
 C10TMXX     -15   84   86  -18 -962   22  -46  -85 -109  -97   -1    3   -2  -93  -45 -115 -182
  C9TAXX     -16   77   90  -16 -930  -20 -171 -264 -329 -235  -19  -15  -15 -163 -129 -247 -335
  C8TOXX      -5 -942   25   -4 -122    2  -14  -20  -32  -29    6   29  -43  -17  -12  -23  -44
  C7TTXX     -13   72   72  -15 -822   24  -36  -70  -91  -80    0    3   -2  -78  -24  -98 -150
  C6MXXX       4    2  -30   25  116   -9  498  571  501  382   72   85   13  338  353  655  556
  C3KXXX     -17   -3  -20  401   64  -29   -2   24   22   13   -1    3    4   33    8   49   61
 
Error correlations continued
 
            T_18 H1er I01_ I01_ H4HA H3HA H2HA C38M C37A C36A C35A C34A C33T C32T C31T C30M C29A
  H1erpi    -238
  I01_65     183   18
 I01_5064    242   56  256
  H4HAP       -6    8   33  -10
  H3HAP       12   54  -83   -4   20
  H2HAP      -26   89  -20   -3   40  113
 C38MMMM      55  -24   20   57 -630  -11  -18
 C37AMMM       2   14  -96    2 -453    0  -10  443
 C36AAMM       2   18 -117    6 -687    2  -12  567  492
 C35AAAM       3   25 -137   10 -705    1  -19  565  412  615
 C34AAAA      -6    8    0    1 -481   -4   -6  353  320  411  407
 C33TMMM     -12    6  -13   -1 -243   -4   -6  205  140  212  161  146
 C32TAMM     -58   40  -47  -54 -314   -1   -5  241  171  261  197  180   69
 C31TAAM     -58   51  -60  -43 -364   -1   -6  292  210  317  243  216   84  112
 C30MMMX      73  -14  118  105   -5 -300  -24   14   -6   -5   -4   -1   -1  -13  -13
 C29AMMX     -44   96  -88    4  -12 -387  -20    0   26   33   42    5    2   13   17  578
 C28AAMX     -28   53  -68   -2  -10 -354  -21    1   22   29   36    5    2   11   15  583  738
 C27AAAX     -27   57   40   -4   -7 -379  -23    0    4    6   10    6    1    8   10  525  641
 C26OMMX      -5   15   -7    2    0   45   -9    0    2    2    3    0    0    0    0  -26  -29
 C25OAMX     -10   17  -12   -1    0   46   -9    0    3    3    4    0    0    1    1  -26  -26
 C23KAMX     -12   46    4    1   -1   -5    0   -2    0    1    2    0    0    2    3  245  288
 C22TMMX     -72   71   31   11   -7 -529  -33    3    2    2    4    2    5    8   10  161  223
 C21TAMX    -241  214  -38 -152   -5 -536  -27  -24   16   16   21    7    6   43   52  128  263
 C20TAAX    -214  179 -101 -150   -4 -430  -24  -23   21   22   29    7    6   41   50   89  220
 C19TTMX     -62   65   25   10   -6 -291  -27    2    2    2    3    2    4    6    7   85  119
 C18MMXX      17  340  140  169  -10  -12 -324   10   -3    8   11    0   -2   -6    1   55   72
 C17AMXX    -107  417  -78   37  -15   12 -296   -7   27   43   53    6    0   23   35   -1   99
 C16AAXX    -104  418   42   40  -11   -1 -311   -8    8   20   26    8   -1   19   28    4   75
 C15OMXX       7   84   13   25   -2   -3 -132    0    0    0    2   -5   -1    0    0    8   17
 C14OAXX     -24  102   -9    5   -3   -4 -135   -4    4    4    8   -5    0    6    7    1   24
 C13KMXX     -99  404   21   40   -6   20 -147  -10    2   13   16    2   -2   13   22 -109  -72
 C12KAXX     -85  346   18   35   -5   17 -131   -9    2   11   14    2   -1   11   18  -95  -63
 C11KKXX     -65  267   14   27   -4   13 -102   -7    1    9   10    1   -1    9   14  -73  -48
 C10TMXX    -139  427   23   36  -12   -1 -299   -9    1   13   16    2    2   18   27   10   72
  C9TAXX    -222  475  -74  -75   -9    8 -268  -26   15   26   34    5    2   41   55  -21   94
  C8TOXX     -59  104    2    7   -2   -3 -117   -4   -1    0    2   -5    0    4    4    3   20
  C7TTXX    -121  360   23   31  -10    0 -266   -7    0   10   13    2    1   15   22    8   59
  C6MXXX     438 -280  410  521    5  -31  -36   67  -10   -9  -12   -6   -6  -72  -77  130  -35
  C3KXXX      48 -138  -13    8   -1    6  -33    4    6    6    7    1    0   -4   -4 -250 -309
 
Error correlations continued
 
            C28A C27A C26O C25O C23K C22T C21T C20T C19T C18M C17A C16A C15O C14O C13K C12K C11K
 C27AAAX     645
 C26OMMX     -31  -26
 C25OAMX     -28  -24  998
 C23KAMX     298  256   -8   -6
 C22TMMX     200  209  -17  -18    8
 C21TAMX     234  244  -19  -17   17  320
 C20TAAX     194  197  -23  -20   11  264  397
 C19TTMX     105  116  -18  -19    3  176  187  147
 C18MMXX      48   50   15   14   23   36   45   27   32
 C17AMXX      67   49   17   18   30   33  124  113   31  884
 C16AAXX      48   53   14   15   30   38  126  105   34  886  931
 C15OMXX       9    9    7    7    7   12   16   13   10  135  134  133
 C14OAXX      16   14    7    8    7   14   39   33   11  131  145  142  979
 C13KMXX    -100  -79   16   16   47   28   97   80   28  793  847  847  109  114
 C12KAXX     -87  -69   14   14   40   24   83   69   24  696  743  742   95  100  838
 C11KKXX     -67  -53   11   11   31   19   64   53   18  542  578  577   74   77  650  569
 C10TMXX      45   48   15   16   30   49  122  101   43  901  935  934  136  142  854  748  582
  C9TAXX      65   60   15   17   32   49  203  179   43  832  927  917  129  147  831  728  566
  C8TOXX      11   11    5    5    7   16   33   27   14  128  136  135  960  955  112   98   76
  C7TTXX      36   40   13   13   25   41  102   84   36  771  799  799  116  121  729  639  497
  C6MXXX     -26  -28   -1   -5  -12  -10 -230 -224  -10   79 -116 -114    0  -34  -95  -81  -63
  C3KXXX    -307 -272    6    5   34  -17  -34  -25  -12  -73  -42  -39   -8   -9  313  274  209
 
Error correlations continued
 
            C10T C9TA C8TO C7TT C6MX
  C9TAXX     930
  C8TOXX     140  140
  C7TTXX     821  794  120
  C6MXXX    -121 -263  -32 -102
  C3KXXX     -64  -66  -13  -53   84
 
Free      ALGOR+FUNC          69.104 K bytes
 
INFORMATION 003: linear estimation time     1.84 secs.
 
INFORMATION 647: continue with non-linear optimisation
 
ALGOR+FUNC allocating         105.628 K bytes
 
INFORMATION 605: tree algorithm being used
 
Coeff.  H4erpi   old   .2152    ,  change  .9359E-01,  std. err.  .2976
Coeff.  M2ho_w   old   .1662    ,  change  .3920E-01,  std. err.  .2464E-01
Coeff.  M_65v    old  -.8792E-01,  change  .2355E-01,  std. err.  .8455E-01
Coeff.  A_65v    old  -.3237    ,  change  .4588    ,  std. err.  .1447
Coeff. A_50_64   old  -.7613    ,  change  .4092    ,  std. err.  .1212
Coeff. A_30_49   old  -.1689E-01,  change  .4403    ,  std. err.  .1138
Coeff. A_18_29   old  -.5641    ,  change  .4386    ,  std. err.  .1219
Coeff. O_30_49   old  -2.124    ,  change  .2826E-01,  std. err.  .1291
Coeff.  O1hu_t   old  -.1135E-01,  change  .4319E-01,  std. err.  .1245E-01
Coeff.  T_65v    old  -2.506    ,  change  .4605    ,  std. err.  .1725
Coeff. T_50_64   old   .6686    ,  change  .4385    ,  std. err.  .1226
Coeff. T_30_49   old   1.081    ,  change  .4549    ,  std. err.  .1131
Coeff. T_18_29   old   .7005    ,  change  .4367    ,  std. err.  .1148
Coeff.  I01_65   old  -.2219    ,  change  .3175    ,  std. err.  .1339
Coeff. I01_5064  old  -.1854    ,  change  .7727E-01,  std. err.  .8687E-01
Coeff.  H4HAP    old   1.035    ,  change  .3100    ,  std. err.  .2840
Coeff.  H3HAP    old   .5884    ,  change  .1574    ,  std. err.  .1153
Coeff.  H2HAP    old   .4595    ,  change  .1019    ,  std. err.  .5717E-01
Coeff.  C6MXXX   old  -.4820    ,  change  .4412    ,  std. err.  .1133
Coeff.  C3KXXX   old   2.768    ,  change  .3970    ,  std. err.  .1304
Iteration 10  Function = -24077.7702   Conv.(3) = 18.3
Iteration 11  Function = -24094.1488 not improving, factor =.3927
 
Coeff.  M2ho_w   old   .1816    ,  change  .1244E-01,  std. err.  .2681E-01
Coeff.  A_65v    old  -.1435    ,  change  .1582    ,  std. err.  .1372
Coeff. A_50_64   old  -.6006    ,  change  .1461    ,  std. err.  .1143
Coeff. A_30_49   old   .1560    ,  change  .1502    ,  std. err.  .1025
Coeff. A_18_29   old  -.3918    ,  change  .1530    ,  std. err.  .1128
Coeff.  O1hu_t   old   .5614E-02,  change  .1503E-01,  std. err.  .1159E-01
Coeff.  T_65v    old  -2.326    ,  change  .1584    ,  std. err.  .1658
Coeff. T_50_64   old   .8408    ,  change  .1519    ,  std. err.  .1127
Coeff. T_30_49   old   1.259    ,  change  .1545    ,  std. err.  .1004
Coeff. T_18_29   old   .8720    ,  change  .1517    ,  std. err.  .1049
Coeff.  I01_65   old  -.9726E-01,  change  .1099    ,  std. err.  .1351
Coeff. I01_5064  old  -.1551    ,  change  .2996E-01,  std. err.  .9342E-01
Coeff.  H4HAP    old   1.157    ,  change  .1056    ,  std. err.  .3089
Coeff.  H3HAP    old   .6502    ,  change  .5370E-01,  std. err.  .1258
Coeff.  H2HAP    old   .4995    ,  change  .3208E-01,  std. err.  .6172E-01
Coeff.  C6MXXX   old  -.3087    ,  change  .1513    ,  std. err.  .1017
Coeff.  C3KXXX   old   2.924    ,  change  .1285    ,  std. err.  .1236
Iteration 12  Function = -24072.1113   Conv.(3) = 6.60
 
Coeff.  A_65v    old   .1472E-01,  change  .6717E-01,  std. err.  .1494
Coeff. A_50_64   old  -.4546    ,  change  .6333E-01,  std. err.  .1266
Coeff. A_30_49   old   .3062    ,  change  .6400E-01,  std. err.  .1155
Coeff. A_18_29   old  -.2388    ,  change  .6584E-01,  std. err.  .1258
Coeff.  O1hu_t   old   .2065E-01,  change  .6462E-02,  std. err.  .1281E-01
Coeff.  T_65v    old  -2.167    ,  change  .6717E-01,  std. err.  .1757
Coeff. T_50_64   old   .9927    ,  change  .6494E-01,  std. err.  .1250
Coeff. T_30_49   old   1.414    ,  change  .6551E-01,  std. err.  .1141
Coeff. T_18_29   old   1.024    ,  change  .6514E-01,  std. err.  .1185
Coeff.  I01_65   old   .1268E-01,  change  .4662E-01,  std. err.  .1448
Coeff.  C6MXXX   old  -.1574    ,  change  .6450E-01,  std. err.  .1148
Coeff.  C3KXXX   old   3.052    ,  change  .5267E-01,  std. err.  .1328
Iteration 13  Function = -24070.0401   Conv.(3) = 2.53
 
Iteration 14  Function = -24069.6696   Conv.(3) = .726
 
Iteration 15  Function = -24069.6517   Conv.(3) = .365E-01
 
Iteration 16  Function = -24069.6516   Conv.(3) = .172E-03
 
 
Convergence achieved after  16 iterations
 
Analysis is based on   8759 observations
 
 
Log Likelihood with Zero Coefficients =  -38886.8787
 
Log Likelihood with Constants only    =  -26063.6591
 
Initial Log Likelihood                =  -24077.7702
 
 
Final value of Log Likelihood         =  -24069.6516
 
 
   "Rho-Squared" w.r.t. Zero      =  .3810
 
   "Rho-Squared" w.r.t. Constants =  .0765
 
 
ESTIMATES OBTAINED AT ITERATION 16
 
Log Likelihood =  -24069.6516
 
                            'Robust' errors
 Coefficient   Estimate   Std. Error 't' ratio
    O3hu_t     1.258       .602         2.1
    O2hu_t     .1780       .844E-01     2.1
    H4erpi     .3069       .353          .9
    M3ho_w    -.1171       .313E-01    -3.7
    M2ho_w     .2008       .315E-01     6.4
    M_65v     -.6703E-01   .959E-01     -.7
    A_65v      .1040       .179          .6
   A_50_64    -.3705       .149        -2.5
   A_30_49     .3913       .137         2.9
   A_18_29    -.1514       .155        -1.0
    O_65v     -4.377       .300       -14.6
   O_50_64    -3.655       .266       -13.7
   O_30_49    -2.105       .131       -16.0
    O1hu_t     .2923E-01   .154E-01     1.9
    T_65v     -2.078       .201       -10.3
   T_50_64     1.079       .147         7.3
   T_30_49     1.501       .138        10.8
   T_18_29     1.110       .146         7.6
    H1erpi    -.3681       .790E-01    -4.7
    I01_65     .7462E-01   .166          .4
   I01_5064   -.1077       .104        -1.0
    H4HAP      1.324       .370         3.6
    H3HAP      .7349       .146         5.0
    H2HAP      .5488       .711E-01     7.7
   C38MMMM    -7.054       .583       -12.1
   C37AMMM    -6.837       .567       -12.1
   C36AAMM    -6.066       .560       -10.8
   C35AAAM    -5.938       .512       -11.6
   C34AAAA    -8.108       .749       -10.8
   C33TMMM    -9.403       .818       -11.5
   C32TAMM    -9.033       .799       -11.3
   C31TAAM    -8.638       .740       -11.7
   C30MMMX    -4.180       .303       -13.8
   C29AMMX    -3.051       .260       -11.7
   C28AAMX    -3.142       .268       -11.7
   C27AAAX    -3.876       .290       -13.4
   C26OMMX    -16.51       6.14        -2.7
   C25OAMX    -15.66       6.32        -2.5
   C23KAMX    -.8577       .324        -2.6
   C22TMMX    -5.267       .306       -17.2
   C21TAMX    -4.957       .408       -12.1
   C20TAAX    -5.276       .413       -12.8
   C19TTMX    -6.058       .336       -18.0
   C18MMXX    -3.930       .270       -14.6
   C17AMXX    -3.210       .308       -10.4
   C16AAXX    -3.637       .306       -11.9
   C15OMXX    -4.927       .876        -5.6
   C14OAXX    -5.342       .886        -6.0
   C13KMXX     1.237       .254         4.9
   C12KAXX    -.8612       .280        -3.1
   C11KKXX    -2.137       .345        -6.2
   C10TMXX    -3.840       .308       -12.5
    C9TAXX    -4.081       .397       -10.3
    C8TOXX    -7.590       .900        -8.4
    C7TTXX    -6.210       .339       -18.3
    C6MXXX    -.7168E-01   .139         -.5
    C3KXXX     3.122       .139        22.5
    ncoeff     .7833       .511E-01    15.3
 
Differences of hierarchy coefficients from 1
 
    ncoeff    -.2167       .511E-01    -4.2
 
Convergence (option 3) value is    .1716E-03
 
 
Correlations of robust errors (multiplied by 1000)
 
            O3hu O2hu H4er M3ho M2ho M_65 A_65 A_50 A_30 A_18 O_65 O_50 O_30 O1hu T_65 T_50 T_30
  O2hu_t       4
  H4erpi      -4   -9
  M3ho_w     -21   32  -59
  M2ho_w      -5  -93  -57 -148
  M_65v       11    0   -4  -99   18
  A_65v      -25  -42   40 -445  250  554
 A_50_64     -32  -49   50 -461  286  185  788
 A_30_49     -43  -52   57 -512  304  198  813  870
 A_18_29     -20  -45   50 -491  296  185  776  824  870
  O_65v       66  -13    0  -10    2  180  132   45   42   22
 O_50_64       7  -41    4    8  -10    0   17   60   11  -24   56
 O_30_49    -114   40   -2    1    1    5    9   13   42  -28  118  115
  O1hu_t     -19  -50   50 -474  292  134  722  772  815  841  -56  -94 -182
  T_65v      -24  -36   36 -395  217  468  820  683  709  674  115   15    8  637
 T_50_64     -36  -52   62 -480  293  135  778  905  871  827   37   69    9  799  690
 T_30_49     -41  -53   52 -521  318  146  792  861  939  864   32   10   60  829  705  889
 T_18_29     -31  -48   55 -502  307  140  763  821  866  882   -8  -36  -78  886  678  852  885
  H1erpi      -4    7  117   63 -406  -13 -188 -227 -243 -218  -17   -6  -19 -204 -165 -230 -252
  I01_65     -16  -30   43 -346  148  669  892  638  649  618  163   21    6  576  764  632  629
 I01_5064    -12  -13   43 -126   31   35  359  516  368  338   34  116    5  328  316  549  366
  H4HAP      -11  -15 -281 -145   81   64  217  197  215  220   13   -5    5  208  186  204  227
  H3HAP      -65  -16   32 -169   84  -43  181  234  266  284   -9  -18  -12  268  140  253  274
  H2HAP      -10   29   31 -195  263   33  244  255  294  308  -11  -10   -9  294  220  274  305
 C38MMMM      21   31 -191  300 -141  -92 -376 -370 -412 -409  -13   12   -2 -392 -328 -386 -427
 C37AMMM      30   44 -203  430 -212 -177 -597 -598 -649 -636  -26    9   -6 -600 -517 -608 -657
 C36AAMM      31   46 -179  431 -219 -191 -607 -601 -651 -639  -29    9   -6 -602 -524 -609 -659
 C35AAAM      34   49  -40  473 -241 -200 -662 -663 -717 -703  -30   11   -7 -663 -573 -670 -726
 C34AAAA      24   36 -101  307 -152  -76 -405 -421 -459 -441   -7    8    0 -428 -349 -432 -465
 C33TMMM      22   32  -47  306 -150  -99 -410 -419 -454 -444  -13    7   -3 -428 -362 -435 -472
 C32TAMM      30   42  -24  409 -213 -129 -569 -604 -643 -625  -19    3   -6 -595 -496 -618 -656
 C31TAAM      32   46  -50  436 -231 -145 -610 -634 -692 -664  -22    5  -10 -633 -534 -651 -705
 C30MMMX      53   -3   15 -587   10   65  170  153  143  122   21   19    1  123  156  158  140
 C29AMMX      70   24   -7 -303 -190 -153 -376 -377 -402 -399  -23   11    2 -363 -302 -360 -389
 C28AAMX      77   24  -12 -350 -160 -127 -339 -347 -369 -374  -20   10    0 -333 -273 -332 -357
 C27AAAX      70   23  -11 -319 -150    7 -246 -297 -320 -327    3    7    1 -293 -196 -294 -313
 C26OMMX    -998   -4    5   -9    6   -8   34   40   52   29  -58  -11  110   28   32   44   49
 C25OAMX    -998   -3    4    1    0  -14   14   20   30    7  -70  -10  106   10   15   24   29
 C23KAMX      16   -2   14 -295    0   11   47   46   54   50    1    0   -1   49   43   50   54
 C22TMMX      51   45  -60  466 -255 -106 -599 -640 -706 -692   -9   16    2 -667 -528 -680 -730
 C21TAMX      53   53  -61  522 -306 -120 -719 -800 -860 -837  -14    6   -5 -790 -617 -819 -872
 C20TAAX      55   52  -64  525 -299 -145 -731 -797 -855 -829  -21    5   -5 -784 -642 -814 -866
 C19TTMX      51   42  -53  432 -236  -97 -549 -586 -648 -631   -9   14   -1 -610 -485 -624 -668
 C18MMXX      -2   69   64   54 -919   17  -51  -77 -106 -112   17   23    1 -110  -44  -78 -117
 C17AMXX      13   83   32  288 -932 -156 -481 -491 -529 -516  -22   12   -3 -480 -408 -482 -524
 C16AAXX      15   85   33  275 -937  -34 -409 -463 -495 -487    0   12   -3 -458 -346 -458 -501
 C15OMXX      -1 -946   29  -16 -192   -1   19   22   20   23   -8   20  -77   34   17   25   17
 C14OAXX       4 -924   20   68 -238  -32 -115 -120 -134 -138  -18   32 -100 -104 -100 -118 -133
 C13KMXX     -18   67   79  114 -865   24  -39  -63  -65  -58   -1    4   -4  -60  -30  -60  -68
 C12KAXX     -16   61   72  104 -789   21  -36  -57  -59  -53    0    3   -4  -54  -27  -55  -62
 C11KKXX     -13   51   59   84 -650   17  -29  -47  -48  -43    0    3   -3  -44  -22  -44  -50
 C10TMXX      15   85   30  289 -940  -70 -435 -471 -511 -498   -8   12   -2 -485 -388 -496 -538
  C9TAXX      25   83    4  402 -837 -122 -625 -686 -735 -700  -21    3  -10 -666 -553 -696 -744
  C8TOXX       6 -907   20   66 -236  -21 -106 -114 -124 -121    7   30  -44 -115  -95 -117 -130
  C7TTXX      14   78   28  262 -870  -60 -393 -427 -463 -451   -7   11   -2 -441 -345 -451 -488
  C6MXXX     -38  -53   57 -505  311  132  831  886  909  870   41   23    6  846  729  921  928
  C3KXXX     -46  -45   34 -155  260   99  515  549  592  578    9   -9    1  561  456  572  613
  ncoeff      44   61  -84  588 -290 -153 -755 -799 -871 -845  -13   14   -2 -819 -667 -829 -894
 
Error correlations continued
 
            T_18 H1er I01_ I01_ H4HA H3HA H2HA C38M C37A C36A C35A C34A C33T C32T C31T C30M C29A
  H1erpi    -224
  I01_65     608  -50
 I01_5064    347   29  342
  H4HAP      218  -20  177   51
  H3HAP      283   17  127   75  100
  H2HAP      296   47  199   83  129  218
 C38MMMM    -415   31 -292  -67 -690 -174 -202
 C37AMMM    -635   88 -474 -168 -542 -236 -273  706
 C36AAMM    -637   90 -482 -167 -663 -236 -275  767  823
 C35AAAM    -702  100 -525 -183 -636 -261 -304  759  819  888
 C34AAAA    -454   62 -307 -120 -576 -172 -195  596  632  679  681
 C33TMMM    -458   61 -323 -122 -392 -171 -195  484  520  562  559  431
 C32TAMM    -633  108 -448 -202 -449 -225 -257  570  651  693  702  526  453
 C31TAAM    -673  118 -481 -206 -476 -240 -274  613  699  746  755  566  486  625
 C30MMMX     129  -22  163  132   18 -301   -9  -34  -74  -74  -80  -52  -51  -78  -83
 C29AMMX    -387  140 -289  -94 -117 -507 -189  214  316  319  352  219  219  300  322  549
 C28AAMX    -354  102 -262  -91 -109 -476 -178  199  292  295  325  203  203  278  297  563  831
 C27AAAX    -312  100 -159  -83  -93 -487 -161  173  249  250  277  179  176  242  258  531  754
 C26OMMX      41    2   24   16   12   55   11  -24  -36  -36  -39  -27  -26  -35  -38  -26  -47
 C25OAMX      20    7    8    8    7   51    4  -15  -21  -21  -23  -17  -16  -20  -22  -28  -36
 C23KAMX      52   28   41   17   15   17   26  -34  -48  -48  -53  -36  -35  -45  -48  214  188
 C22TMMX    -717  134 -456 -178 -208 -594 -311  412  586  589  648  418  420  563  602   58  494
 C21TAMX    -845  195 -551 -277 -232 -529 -338  451  663  666  733  472  472  645  690   -8  507
 C20TAAX    -837  185 -567 -277 -230 -496 -336  448  661  664  731  470  470  642  686  -23  490
 C19TTMX    -658  130 -417 -161 -191 -472 -285  377  537  539  594  383  385  516  551   24  418
 C18MMXX    -113  347   29  128  -48  -60 -367   84  106  112  124   77   74   98  109   56  140
 C17AMXX    -505  408 -344  -87 -146 -162 -438  263  394  403  442  276  274  381  411  -37  303
 C16AAXX    -481  411 -257  -78 -136 -164 -442  249  368  375  413  263  259  361  388  -30  280
 C15OMXX      28  100   29   40    2    5 -130  -10  -17  -16  -17  -17  -13  -16  -17   14   12
 C14OAXX    -120  138  -78  -20  -35  -42 -183   60   92   92  103   59   63   91   97   -8   79
 C13KMXX     -60  401   19   41   -7   15 -134   -5    8   15   16    8    4   17   22  -87  -37
 C12KAXX     -55  359   17   37   -7   13 -124   -4    8   14   15    8    4   16   21  -79  -33
 C11KKXX     -45  293   14   30   -5   11 -102   -4    6   11   12    6    3   13   17  -64  -27
 C10TMXX    -519  413 -298  -88 -145 -172 -438  265  389  396  436  277  277  382  411  -32  289
  C9TAXX    -707  405 -461 -212 -188 -226 -442  349  528  535  589  375  374  522  560  -76  366
  C8TOXX    -135  139  -71  -19  -34  -41 -165   58   88   89   99   58   63   88   94   -7   75
  C7TTXX    -472  379 -268  -79 -131 -155 -410  240  352  358  395  251  251  347  373  -29  262
  C6MXXX     896 -241  676  443  225  269  298 -419 -646 -648 -713 -459 -461 -645 -687  153 -384
  C3KXXX     597 -204  391  162  168  215  248 -333 -477 -478 -528 -337 -341 -463 -493 -114 -478
  ncoeff    -868  105 -586 -232 -254 -322 -361  513  730  733  807  519  521  699  746  -98  412
 
Error correlations continued
 
            C28A C27A C26O C25O C23K C22T C21T C20T C19T C18M C17A C16A C15O C14O C13K C12K C11K
 C27AAAX     754
 C26OMMX     -53  -47
 C25OAMX     -43  -38  997
 C23KAMX     201  181   -6   -6
 C22TMMX     458  426  -52  -37  -50
 C21TAMX     470  432  -56  -37  -54  835
 C20TAAX     453  414  -59  -40  -56  819  909
 C19TTMX     387  360  -53  -39  -48  701  746  731
 C18MMXX     115  112    4    6    7  142  151  144  133
 C17AMXX     265  230  -16   -4  -18  440  519  514  406  848
 C16AAXX     245  226  -17   -7  -16  422  498  490  390  861  966
 C15OMXX       4    5    2    2    5   -9  -13  -14   -8  218  177  178
 C14OAXX      67   59   -4   -1   -4  108  129  127  100  233  261  258  967
 C13KMXX     -61  -47   14   14   37   29   53   48   31  814  741  756  192  198
 C12KAXX     -55  -43   13   13   33   27   48   43   28  743  676  690  175  180  885
 C11KKXX     -45  -35   10   11   27   22   39   35   23  611  557  568  144  148  728  663
 C10TMXX     253  230  -18   -7  -18  451  523  516  416  855  969  967  177  258  746  681  560
  C9TAXX     327  291  -30  -14  -32  596  707  700  548  699  938  924  131  248  602  549  452
  C8TOXX      62   56   -7   -4   -4  108  126  124  100  228  252  250  947  954  195  178  146
  C7TTXX     229  209  -16   -6  -16  409  475  468  378  794  895  893  165  238  693  632  520
  C6MXXX    -354 -313   47   26   54 -709 -851 -847 -650  -94 -511 -489   24 -126  -59  -53  -43
  C3KXXX    -458 -409   42   28   68 -532 -607 -601 -487 -177 -405 -384    3  -95  169  153  125
  ncoeff     382  335  -51  -32  -67  800  901  896  733  145  521  496  -24  120   11   11    8
 
Error correlations continued
 
            C10T C9TA C8TO C7TT C6MX C3KX
  C9TAXX     940
  C8TOXX     255  241
  C7TTXX     906  865  235
  C6MXXX    -517 -723 -125 -470
  C3KXXX    -413 -527  -96 -374  615
  ncoeff     527  713  119  478 -877 -651
 
INFORMATION 004: main estimation time     8.17 secs.
 
Overview of time used
                         Seconds  (hr:min:sec)
Control file time   :        .51     0:00:01
Data processing time:        .98     0:00:01
Estimation time     :      10.05     0:00:10
 
Total processing    :      11.54     0:00:12
