ASA Ltd.     (C) ALOGIT 4.5 serial 4514
Licensed to: Peter Hajduk, HSL                                           

File not found: Alo45.EXE                                                       

Run started at 12:35:13 on 20 Oct 25
 
Allocating and deallocating memory
 
INPUT allocating       36041.020 K bytes
 
INFORMATION 352: reading coefficients from H146_manual.F12
C:..helmet_estimation\ohjaus\H146_manual.F12  16133 b. Date: 14 Oct 25 at 12:16
 
INFORMATION 253:   FILE  1 : first main file
C:..neisto\\uudet2023\\havainnot23\\ACCM.txt 447632 b. Date: 21 Aug 25 at 10:17
 
INFORMATION 253:   FILE  2 : keyed file
C:..sto\\uudet2023\\zonedata_base_folded.csv 409795 b. Date: 22 Aug 25 at 10:02
 
INFORMATION 253:   FILE  3 : keyed file
C:..t2023\\zonedata_accessibility_folded.csv 650344 b. Date: 14 Oct 25 at 12:59
 
INFORMATION 125: control file completed:     746 lines
C:.._estimation\ohjaus\H146_manual_apply.alo  12045 b. Date: 20 Oct 25 at 12:34
 
Function defined in control file: APPLY
 
WARNING 156: redundant alternative: Alt.000039
 
TEMP - ALTSRT allocating          60.000 K bytes
 
Free   TEMP - ALTSRT          60.000 K bytes
 
TEMP - COESRT allocating          39.996 K bytes
 
WARNING 178: coefficient I01_5064   not used in model
 
WARNING 178: coefficient C20TAAX    not used in model
 
WARNING 178: coefficient K_7_17     not used in model
 
WARNING 178: coefficient M_7_17     not used in model
 
WARNING 178: coefficient C2TXXX     not used in model
 
WARNING 178: coefficient C4OXXX     not used in model
 
WARNING 178: coefficient C5AXXX     not used in model
 
WARNING 178: coefficient C24KMMX    not used in model
 
WARNING 178: coefficient I01_7_17   not used in model
 
WARNING 178: coefficient T1hw_t     not used in model
 
WARNING 178: coefficient M1ho_w     not used in model
 
WARNING 178: coefficient O_18_29    not used in model
 
WARNING 178: coefficient M_18_29    not used in model
 
WARNING 178: coefficient M_30_49    not used in model
 
WARNING 178: coefficient M_50_64    not used in model
 
WARNING 178: coefficient T2hw_t     not used in model
 
WARNING 178: coefficient H2erpi     not used in model
 
WARNING 178: coefficient T3hw_t     not used in model
 
WARNING 178: coefficient M4ho_w     not used in model
 
WARNING 178: coefficient H4asti     not used in model
 
WARNING 178: coefficient H1kanta    not used in model
 
WARNING 178: coefficient T4hw_w     not used in model
 
WARNING 178: coefficient M0ho_w     not used in model
 
Free   TEMP - COESRT          39.996 K bytes
 
ARRAYs increase data requirement      1233      1287
Distinct data item names       519
 
INFORMATION 115: maximum number of table rows  44
 
$PRINT controls
 Matrix statistics print      =   0
 Iteration print              =   2
 Number of rej. obs. output   =  25
 Transformations print        =   F
 Probability test level       =   .000000
 Reject observation is ERROR  =   F
 Accepted range for choice    =   .100000
 Out-of-range prints made     =     3
 Print only chosen alts.      =   F
 
$GEN.STATS controls
     5 total items selected
 
$ESTIMATE controls
 Control present = T
 Estimation done = T
 Linear first    = T
 Estimate later  = F
 Accept error    = F
 Error print     = 1
 
 
$ALGOR controls
 Maximum iterations          =  60
 Convergence level           =   .1000E-01
 1st derivative perp. test   =   .1000E-05
 Function rate of increase   =  -999.9
 Matrix inversion tolerance  =   .1000E-05
 Step reduction factor       =   .1500
 Cubic step adjustment will be used
 Convergence option          =   3
 Maximum step-reducing loops =   4
 
$DIMENSION specification
 age
 
$KEEP (and protected FILE) items
 zone      ; pop       ; age7to17  ; age18to29 ; age30to49
 age50to64 ; age64to99 ; age7to99  ; age18to99 ; female
 male      ; popDens   ; workplaces; service   ; shops
 logistics ; industry  ; parkCostW ; parkCostE ; schoolL1
 schoolL2  ; schoolL3  ; area      ; detachS   ; detachSqrt
 helsinki  ; cbd       ; lauttaS   ; helsOther ; espooVantK
 surround  ; shopsCbd  ; shopsElse ; carDens   ; carsPer1K
 hw_c      ; hw_t      ; hw_b      ; hw_w      ; hw
 hc_c      ; hc_t      ; hc_b      ; hc_w      ; hc
 hu_c      ; saav_hu_t ; hu_b      ; hu_w      ; hu
 hs_c      ; hs_t      ; hs_b      ; hs_w      ; hs
 ho_c      ; ho_t      ; ho_b      ; saav_ho_w ; ho
 wo_c      ; wo_t      ; wo_b      ; wo_w      ; wo
 oo_c      ; oo_t      ; oo_b      ; oo_w      ; oo
 wh_c      ; wh_t      ; wh_b      ; wh_w      ; wh
 
 
REPORT OF COEFFICIENTS
 
Label      Con   Value      Type
-------    ---   -----      -----
C3KXXX      T    3.137      Utility
C6MXXX      T    .8401E-01  Utility
C7TTXX      T   -8.060      Utility
C8TOXX      T   -17.64      Utility
C9TAXX      T   -6.429      Utility
C10TMXX     T   -6.006      Utility
C11KKXX     T   -4.295      Utility
C12KAXX     T   -3.020      Utility
C13KMXX     T   -.9220      Utility
C14OAXX     T   -15.39      Utility
C15OMXX     T   -14.78      Utility
C16AAXX     T   -5.832      Utility
C17AMXX     T   -5.410      Utility
C18MMXX     T   -5.987      Utility
C19TTMX     T   -6.379      Utility
C21TAMX     T   -5.339      Utility
C22TMMX     T   -5.455      Utility
C23KAMX     T   -.5486      Utility
C25OAMX     T   -41.08      Utility
C26OMMX     T   -41.72      Utility
C27AAAX     T   -3.519      Utility
C28AAMX     T   -2.830      Utility
C29AMMX     T   -2.691      Utility
C30MMMX     T   -3.439      Utility
C31TAAM     T   -9.158      Utility
C32TAMM     T   -8.723      Utility
C33TMMM     T   -9.776      Utility
C34AAAA     T   -8.474      Utility
C35AAAM     T   -6.320      Utility
C36AAMM     T   -6.299      Utility
C37AMMM     T   -7.149      Utility
C38MMMM     T   -7.266      Utility
H2HAP       T    .5364      Utility
H3HAP       T    .8220      Utility
H4HAP       T    1.427      Utility
I01_65      T    .2476      Utility
I01_1829    F    .3263      Utility
H1erpi      T   -.2249      Utility
T_18_29     T    1.332      Utility
T_30_49     T    1.626      Utility
T_50_64     T    1.228      Utility
T_65v       T   -1.927      Utility
O1hu_t      T    .4834E-01  Utility
O_30_49     T   -2.187      Utility
O_50_64     T   -3.737      Utility
O_65v       T   -4.445      Utility
A_18_29     T    .7586E-01  Utility
A_30_49     T    .5306      Utility
A_50_64     T   -.2167      Utility
A_65v       T    .2662      Utility
M_65v       T   -.6156E-01  Utility
M2ho_w      T    .4824      Utility
M3ho_w      T   -.1860      Utility
H4erpi      T    .5504      Utility
O2hu_t      T    .9262      Utility
O3hu_t      T    3.696      Utility
ncoeff      F    .7410      Tree
 
Free     alpha array        4000.000 K bytes
 
Report of main memory usage
Storage ndata:       1.287 mdata:    1000.000
Storage    np:        .057    mp:      10.000
Storage    na:        .043  malt:      15.000
Storage   nut:        .291   mut:     200.000
Storage ntran:        .528 mtran:    2000.000
 
TREE allocating            .352 K bytes
 
INFORMATION 001: control file processing time     1.56 secs.
 
DATA allocating          31.844 K bytes
 
OBSERVATION REJECTED 518:        145: choice Alt.000009 unavailable
 
WARNING 535: I/O error 6103 on file  3, terminated
 
OBSERVATION REJECTED 518:       1823: choice Alt.000021 unavailable
 
OBSERVATION REJECTED 518:       4372: choice Alt.000029 unavailable
 
OBSERVATION REJECTED 518:       4406: choice Alt.000029 unavailable
 
OBSERVATION REJECTED 518:       4567: choice Alt.000009 unavailable
 
OBSERVATION REJECTED 518:       5094: choice Alt.000002 unavailable
 
OBSERVATION REJECTED 518:       5535: choice Alt.000010 unavailable
 
OBSERVATION REJECTED 518:       5717: choice Alt.000002 unavailable
 
OBSERVATION REJECTED 518:       5813: choice Alt.000002 unavailable
 
OBSERVATION REJECTED 518:       8205: choice Alt.000002 unavailable
 
INFORMATION 534: reached end of file   1 after     8863 records
 
Data input completed after    8863 records
 
Rejected    10 observations with unacceptable choices
 
Rejected on EXCLUDE(   1):    95 observations
 
Rejected on EXCLUDE(   4):     2 observations
 
PRVEST allocating            .020 K bytes
 
 
SELECTED STATISTICS
 
Total weight of data is     1452.85
 
Data Item  % Non-Zero  Minimum  Maximum  Average  Std. Dev.
---------  ----------  -------  -------  -------  ---------
CHOICE         100.00     1.00    38.00     6.78       6.87
WEIGHT         100.00      .01     1.27      .38        .28
xfactor        100.00     8.20  1266.00   378.06     275.43
ttype          100.00     1.00    38.00     6.78       6.87
saav_hu_t      100.00     9.64    11.08    10.39        .13
 
Free    INPUT (only)            .020 K bytes
 
INFORMATION 567: weight of data in tables    1452.848
 
WARNING 568: total log likelihood  -3020.4924  in estimation was -24171.5622
 
Table for age
 
-------------------------------------------------
Choice     |    1 |   2 |   3 |   4 |   5 | Total
-----------+-------------------------------------
  No. Chsn |   9.0  39.5  60.3  50.9  80.2 240.0
  SD. Chsn |   2.2   4.7   5.0   3.8   3.9   9.0
Row 000001 |   *+    *+  ***+   **+   **+  ***+
  No. Pred |  13.0  47.2  75.7  62.1  91.2 289.2
-----------+-------------------------------------
  No. Chsn |    .0  71.1 156.0 104.7   7.7 339.6
  SD. Chsn |    .0   5.4   6.4   4.4   1.2   9.5
Row 000002 |          +     -    *-    *-    *-
  No. Pred |    .0  74.0 152.3  96.6   6.4 329.3
-----------+-------------------------------------
  No. Chsn |  80.3    .0    .0    .0    .0  80.3
  SD. Chsn |   4.3    .0    .0    .0    .0   4.3
Row 000003 |    -                             -
  No. Pred |  79.6    .0    .0    .0    .0  79.6
-----------+-------------------------------------
  No. Chsn |    .0  29.0   6.3   1.3   1.2  37.8
  SD. Chsn |    .0   3.8   1.6    .6    .5   4.2
Row 000004 |                +           -     +
  No. Pred |    .0  28.9   6.7   1.3   1.0  38.0
-----------+-------------------------------------
  No. Chsn |    .8  20.9  46.2  27.2  69.2 164.3
  SD. Chsn |    .6   3.0   4.1   2.6   3.5   6.7
Row 000005 |    +    *-     -     -    *-    *-
  No. Pred |    .9  17.1  45.6  24.9  63.2 151.7
-----------+-------------------------------------
  No. Chsn |   3.5  21.9  34.9  31.7  50.6 142.6
  SD. Chsn |   1.4   3.0   3.7   3.0   3.2   6.6
Row 000006 |    +    *-     +     +     -     -
  No. Pred |   4.6  17.2  35.6  33.7  49.5 140.6
-----------+-------------------------------------
  No. Chsn |    .0   1.0   4.1   3.9    .4   9.3
  SD. Chsn |    .0    .9   1.2    .9    .2   1.7
Row 000007 |          +     -    *-    *-     -
  No. Pred |    .0   1.3   3.7   2.6    .2   7.8
-----------+-------------------------------------
  No. Chsn |    .0   1.3   1.0    .1    .0   2.4
  SD. Chsn |    .0    .9    .4    .1    .0   1.0
Row 000008 |          +    *-                 -
  No. Pred |    .0   1.4    .4    .1    .0   1.9
-----------+-------------------------------------
  No. Chsn |    .0  11.0  36.8  12.8    .5  61.1
  SD. Chsn |    .0   2.1   3.6   1.8    .5   4.6
Row 000009 |         *-     -     -    *+    *-
  No. Pred |    .0   8.0  35.2  11.8   1.2  56.3
-----------+-------------------------------------
  No. Chsn |    .0  12.2  34.1  25.5    .9  72.7
  SD. Chsn |    .0   2.5   3.5   2.5    .6   5.0
Row 000010 |          -     -     -     +     -
  No. Pred |    .0  12.0  33.2  23.6   1.4  70.2
-----------+-------------------------------------
  No. Chsn |   2.3    .0    .0    .0    .0   2.3
  SD. Chsn |    .9    .0    .0    .0    .0    .9
Row 000011 |    -                             -
  No. Pred |   2.2    .0    .0    .0    .0   2.2
-----------+-------------------------------------
  No. Chsn |   8.2    .0    .0    .0    .0   8.2
  SD. Chsn |   1.7    .0    .0    .0    .0   1.7
Row 000012 |    -                             -
  No. Pred |   7.9    .0    .0    .0    .0   7.9
-----------+-------------------------------------
  No. Chsn |  67.2    .0    .0    .0    .0  67.2
  SD. Chsn |   4.1    .0    .0    .0    .0   4.1
Row 000013 |    -                             -
  No. Pred |  64.1    .0    .0    .0    .0  64.1
-----------+-------------------------------------
  No. Chsn |    .0   5.7    .8    .3    .1   6.9
  SD. Chsn |    .0   1.5    .7    .2    .2   1.7
Row 000014 |         *-     +     -     +     -
  No. Pred |    .0   3.9   1.4    .1    .2   5.6
-----------+-------------------------------------
  No. Chsn |    .0   8.9   1.7    .2    .1  10.9
  SD. Chsn |    .0   1.9    .8    .3    .2   2.1
Row 000015 |         *-     -           +    *-
  No. Pred |    .0   6.7   1.5    .3    .2   8.7
-----------+-------------------------------------
  No. Chsn |    .0   3.4  19.5   5.0  13.7  41.6
  SD. Chsn |    .4   1.4   2.5   1.3   1.8   3.6
Row 000016 |   *+     +    *-     +     +     -
  No. Pred |    .5   3.7  16.1   6.0  14.1  40.4
-----------+-------------------------------------
  No. Chsn |   1.3   5.6  19.9  10.5  24.6  61.9
  SD. Chsn |    .6   1.8   2.7   1.6   2.2   4.3
Row 000017 |    -     +     -     -    *-    *-
  No. Pred |    .8   5.9  19.2   9.6  21.2  56.7
-----------+-------------------------------------
  No. Chsn |   3.3   2.1   4.3   7.5  11.0  28.1
  SD. Chsn |   1.0   1.4   1.0   1.4   1.5   2.9
Row 000018 |    -     +    *-           -     -
  No. Pred |   2.7   3.4   2.6   7.4  10.1  26.2
-----------+-------------------------------------
  No. Chsn |    .0    .0   2.0    .5    .0   2.5
  SD. Chsn |    .0    .5   1.0    .5    .1   1.2
Row 000019 |          +     +     +          *+
  No. Pred |    .0    .4   2.5    .9    .0   3.9
-----------+-------------------------------------
  No. Chsn |    .0    .4   5.5   1.2    .0   7.1
  SD. Chsn |    .0    .4   1.6    .5    .1   1.8
Row 000020 |                +     -           +
  No. Pred |    .0    .4   6.8    .9    .1   8.1
-----------+-------------------------------------
  No. Chsn |    .0    .0   7.2   1.0   1.2   9.3
  SD. Chsn |    .0    .7   1.5    .8    .2   1.9
Row 000021 |         *+     -    *+  ***-
  No. Pred |    .0    .9   6.0   2.3    .3   9.4
-----------+-------------------------------------
  No. Chsn |    .0    .5   4.4   1.4    .0   6.4
  SD. Chsn |    .0    .7   1.0    .8    .2   1.5
Row 000022 |          +    *-     +           -
  No. Pred |    .0   1.0   2.6   2.0    .1   5.7
-----------+-------------------------------------
  No. Chsn |   1.5    .0    .0    .0    .0   1.5
  SD. Chsn |    .8    .0    .0    .0    .0    .8
Row 000023 |
  No. Pred |   1.6    .0    .0    .0    .0   1.6
-----------+-------------------------------------
  No. Chsn |   2.5    .0    .0    .0    .0   2.5
  SD. Chsn |    .9    .0    .0    .0    .0    .9
Row 000024 |    -                             -
  No. Pred |   2.0    .0    .0    .0    .0   2.0
-----------+-------------------------------------
  No. Chsn |    .0   1.4    .5    .0    .0   1.9
  SD. Chsn |    .0    .8    .4    .1    .1    .9
Row 000025 |          -     -                 -
  No. Pred |    .0   1.1    .4    .0    .0   1.5
-----------+-------------------------------------
  No. Chsn |    .0    .6    .0    .0    .2    .8
  SD. Chsn |    .0    .5    .2    .1    .1    .6
Row 000026 |                         ***-     -
  No. Pred |    .0    .5    .1    .0    .0    .7
-----------+-------------------------------------
  No. Chsn |    .0    .2   1.5   1.3   2.0   5.0
  SD. Chsn |    .0    .6    .9    .6    .7   1.4
Row 000027 |          +     +     -     +     +
  No. Pred |    .0    .6   1.9   1.1   2.3   5.8
-----------+-------------------------------------
  No. Chsn |    .0    .5   3.5   1.7   4.0   9.7
  SD. Chsn |    .0    .8   1.2    .7    .9   1.8
Row 000028 |          +           +     -     +
  No. Pred |    .0   1.1   3.4   1.9   3.8  10.3
-----------+-------------------------------------
  No. Chsn |    .0   1.8   4.2   1.8   3.4  11.1
  SD. Chsn |    .0    .8   1.2    .8   1.0   2.0
Row 000029 |          -     -     +    *+     +
  No. Pred |    .0   1.3   4.0   2.2   4.4  11.8
-----------+-------------------------------------
  No. Chsn |    .0    .1   1.0   1.9   1.3   4.2
  SD. Chsn |    .0    .5    .6    .5    .5   1.0
Row 000030 |          +     -    *-     -     -
  No. Pred |    .0    .4    .8   1.0   1.2   3.4
-----------+-------------------------------------
  No. Chsn |    .0    .1    .3    .3    .0    .7
  SD. Chsn |    .0    .2    .4    .2    .0    .5
Row 000031 |                      -           -
  No. Pred |    .0    .1    .4    .1    .0    .6
-----------+-------------------------------------
  No. Chsn |    .0    .0    .4    .6    .0   1.1
  SD. Chsn |    .0    .2    .5    .2    .1    .6
Row 000032 |          +     +    *-           -
  No. Pred |    .0    .1    .6    .2    .0    .9
-----------+-------------------------------------
  No. Chsn |    .0    .0    .1    .2    .0    .3
  SD. Chsn |    .0    .1    .2    .2    .0    .3
Row 000033 |
  No. Pred |    .0    .0    .1    .1    .0    .2
-----------+-------------------------------------
  No. Chsn |    .0    .3    .0    .1    .0    .5
  SD. Chsn |    .0    .1    .2    .1    .2    .3
Row 000034 |         *-
  No. Pred |    .0    .0    .1    .1    .1    .4
-----------+-------------------------------------
  No. Chsn |    .0    .0   2.4    .5   1.0   3.9
  SD. Chsn |    .0    .5    .8    .5    .6   1.2
Row 000035 |          +    *-     +     +     +
  No. Pred |    .0    .4   1.6    .9   1.5   4.4
-----------+-------------------------------------
  No. Chsn |    .0    .2   2.3    .7    .9   4.0
  SD. Chsn |    .0    .4    .7    .4    .5   1.0
Row 000036 |          +    *-           +     -
  No. Pred |    .0    .3   1.2    .7   1.1   3.3
-----------+-------------------------------------
  No. Chsn |    .0    .0    .8    .4    .5   1.7
  SD. Chsn |    .0    .3    .4    .3    .3    .7
Row 000037 |          +     -                 -
  No. Pred |    .0    .1    .5    .3    .5   1.4
-----------+-------------------------------------
  No. Chsn |    .0    .0    .0    .4    .9   1.2
  SD. Chsn |    .0    .2    .3    .3    .3    .6
Row 000038 |          +     +          *-     -
  No. Pred |    .0    .1    .3    .3    .3   1.0
-----------+-------------------------------------
  No. Chsn | 180.0 239.5 462.4 295.4 275.51452.8
Total      |
  No. Pred | 180.0 239.5 462.4 295.4 275.51452.8
-------------------------------------------------
 
INFORMATION 571: Root-Mean-Square error is    1.251
 
INFORMATION 572: number of **stars** in table is 50
 
Distribution of Values of (Chosen-Pred.)/SD Chosen
 .-----------------------------------------------.
 | <-3 | <-2 | <-1 | < 0 | < 1 | < 2 | < 3 | > 3 |
 |-----+-----+-----+-----+-----+-----+-----+-----|
 |   1 |   2 |   7 |  58 |  99 |  21 |   0 |   2 |
 .-----------------------------------------------.
 
Chi-Squared value is         52.18
Exceeds 99% confidence rejection value
 
Free            DATA           2.864 K bytes
 
INFORMATION 002: data processing time     1.30 secs.
 
Overview of time used
                         Seconds  (hr:min:sec)
Control file time   :       1.56     0:00:02
Data processing time:       1.38     0:00:01
Estimation time     :        .00     0:00:00
 
Total processing    :       2.94     0:00:03
