ASA Ltd.     (C) ALOGIT 4.5 serial 4514
Licensed to: Peter Hajduk, HSL                                           

File not found: Alo45.EXE                                                       

Run started at  9:34:52 on 21 Jan 25
 
Allocating and deallocating memory
 
INPUT allocating       36041.020 K bytes
 
INFORMATION 352: reading coefficients from HS15_HBSH.F12
C:..4\helmet_estimation\ohjaus\HS15_HBSH.F12   2272 b. Date: 17 Jan 25 at 10:01
 
WARNING 335: S_shops    is already unconstrained
 
WARNING 335: S_service  is already unconstrained
 
WARNING 335: Dcoeff     is already unconstrained
 
INFORMATION 253:   FILE  1 : first main file
C:..ineisto\\uudet2023\\havainnot23\\SPB.txt 206778 b. Date: 23 Sep 24 at 15:03
 
INFORMATION 253:   FILE  2 : keyed file
C:..sto\\uudet2023\\zonedata_base_folded.csv 344221 b. Date: 21 Aug 24 at  8:30
 
INFORMATION 253:   FILE  3 : keyed file
C:..to\\uudet2023\\zonedata_municipality.csv  16401 b. Date: 15 Jan 25 at 13:56
 
INFORMATION 253:   FILE  4 : common data
C:..flatfiles\\folded_zones_municipality.csv   4947 b. Date: 15 Jan 25 at 13:59
 
INFORMATION 253:   FILE  5 : keyed file
C:..t2023\\vastukset\\new_hs_bike_dist.csv   35.256 Mb Date:  8 Jan 25 at 18:20
 
INFORMATION 253:   FILE  6 : keyed file
C:..t2023\\vastukset\\new_hs_bike_time.csv   35.992 Mb Date:  8 Jan 25 at 18:20
 
INFORMATION 253:   FILE  7 : keyed file
C:..et2023\\vastukset\\new_hs_car_dist.csv   35.532 Mb Date:  8 Jan 25 at 18:20
 
INFORMATION 253:   FILE  8 : keyed file
C:..et2023\\vastukset\\new_hs_car_time.csv   35.805 Mb Date:  8 Jan 25 at 18:20
 
INFORMATION 253:   FILE  9 : keyed file
C:..et2023\\vastukset\\new_hs_car_cost.csv   35.891 Mb Date:  8 Jan 25 at 18:20
 
INFORMATION 253:   FILE 10 : keyed file
C:..23\\vastukset\\new_hs_transit_dist.csv   35.789 Mb Date:  8 Jan 25 at 18:20
 
INFORMATION 253:   FILE 11 : keyed file
C:..23\\vastukset\\new_hs_transit_time.csv   36.004 Mb Date:  8 Jan 25 at 18:20
 
INFORMATION 253:   FILE 12 : keyed file
C:..23\\vastukset\\new_hs_transit_cost.csv   32.441 Mb Date:  8 Jan 25 at 18:20
 
INFORMATION 253:   FILE 13 : keyed file
C:..t2023\\vastukset\\new_hs_walk_dist.csv   35.018 Mb Date:  8 Jan 25 at 18:20
 
INFORMATION 253:   FILE 14 : keyed file
C:..t2023\\vastukset\\new_hs_walk_time.csv   26.540 Mb Date:  8 Jan 25 at 18:20
 
INFORMATION 253:   FILE 15 : common data
C:..\flatfiles\\folded_zones_car_density.csv  12200 b. Date: 22 Aug 24 at 10:01
 
INFORMATION 253:   FILE 16 : common data
C:..det2023\\flatfiles\\folded_zones_cbd.csv   4220 b. Date: 22 Aug 24 at 10:01
 
INFORMATION 253:   FILE 17 : common data
C:..et2023\\flatfiles\\folded_zones_high.csv   4406 b. Date: 22 Aug 24 at 10:01
 
INFORMATION 253:   FILE 18 : common data
C:..\flatfiles\\folded_zones_job_density.csv  32301 b. Date: 22 Aug 24 at 10:01
 
INFORMATION 253:   FILE 19 : common data
C:..et2023\\flatfiles\\folded_zones_jobs.csv   7096 b. Date: 22 Aug 24 at 10:01
 
INFORMATION 253:   FILE 20 : common data
C:..tfiles\\folded_zones_cost_park_other.csv   4220 b. Date: 22 Aug 24 at 10:01
 
INFORMATION 253:   FILE 21 : common data
C:..atfiles\\folded_zones_cost_park_work.csv   4220 b. Date: 22 Aug 24 at 10:01
 
INFORMATION 253:   FILE 22 : common data
C:..det2023\\flatfiles\\folded_zones_pop.csv   8424 b. Date: 22 Aug 24 at 10:01
 
INFORMATION 253:   FILE 23 : common data
C:..\flatfiles\\folded_zones_pop_density.csv  19566 b. Date: 22 Aug 24 at 10:01
 
INFORMATION 253:   FILE 24 : common data
C:..023\\flatfiles\\folded_zones_primary.csv   5108 b. Date: 22 Aug 24 at 10:01
 
INFORMATION 253:   FILE 25 : common data
C:..023\\flatfiles\\folded_zones_service.csv  14549 b. Date: 22 Aug 24 at 10:01
 
INFORMATION 253:   FILE 26 : common data
C:..t2023\\flatfiles\\folded_zones_shops.csv  11470 b. Date: 22 Aug 24 at 10:01
 
INFORMATION 253:   FILE 27 : common data
C:..23\\flatfiles\\folded_zones_singleHP.csv   7963 b. Date: 22 Aug 24 at 10:01
 
INFORMATION 253:   FILE 28 : common data
C:..\\flatfiles\\folded_zones_university.csv   4269 b. Date: 22 Aug 24 at 10:01
 
INFORMATION 253:   FILE 29 : common data
C:..et2023\\flatfiles\\folded_zones_area.csv  13941 b. Date: 22 Aug 24 at 10:01
 
INFORMATION 253:   FILE 30 : output
 
INFORMATION 201: include control input from C:\Users\HajduPe\H4_estimointi\Helme
C:..elmet_estimation\ohjaus\C_time_other.alo     13 b. Date: 13 Jun 24 at 16:00
 
INFORMATION 125: control file completed:   98416 lines
C:..hjaus\HS15_HBSH_apply_uncalibrated.alo    2.238 Mb Date: 21 Jan 25 at  9:25
 
Function defined in control file: APPLY
 
TEMP - ALTSRT allocating          60.000 K bytes
 
Free   TEMP - ALTSRT          60.000 K bytes
 
TEMP - COESRT allocating          39.996 K bytes
 
WARNING 178: coefficient L_S_M      not used in model
 
WARNING 178: coefficient CTP_cost   not used in model
 
WARNING 178: coefficient TP_dwntown not used in model
 
WARNING 178: coefficient TK_dwntown not used in model
 
WARNING 178: coefficient TP_const   not used in model
 
WARNING 178: coefficient TK_const   not used in model
 
WARNING 178: coefficient C_wpark    not used in model
 
WARNING 178: coefficient CP_HAP     not used in model
 
WARNING 178: coefficient CK_HAP     not used in model
 
WARNING 178: coefficient CP_Ocardns not used in model
 
WARNING 178: coefficient CK_Ocardns not used in model
 
WARNING 178: coefficient WP_rad_sq  not used in model
 
WARNING 178: coefficient WK_rad_sq  not used in model
 
WARNING 178: coefficient WP_const   not used in model
 
WARNING 178: coefficient WK_const   not used in model
 
WARNING 178: coefficient W_ODpopd   not used in model
 
WARNING 178: coefficient WP_ODpopd  not used in model
 
WARNING 178: coefficient WK_ODpopd  not used in model
 
WARNING 178: coefficient W_singleHP not used in model
 
WARNING 178: coefficient W_lgOpopd  not used in model
 
WARNING 178: coefficient BP_Ln_Len  not used in model
 
WARNING 178: coefficient BK_Ln_Len  not used in model
 
WARNING 178: coefficient B_Ln_Len   not used in model
 
WARNING 178: coefficient B_Badjmix  not used in model
 
WARNING 178: coefficient B_Opopdns  not used in model
 
WARNING 178: coefficient B_BadjLen  not used in model
 
WARNING 178: coefficient B_BmixLen  not used in model
 
WARNING 178: coefficient B_BsepLen  not used in model
 
WARNING 178: coefficient BP_const   not used in model
 
WARNING 178: coefficient BK_const   not used in model
 
WARNING 178: coefficient B_radius   not used in model
 
WARNING 178: coefficient S_OMJ      not used in model
 
WARNING 178: coefficient SP_OMJ     not used in model
 
WARNING 178: coefficient SK_OMJ     not used in model
 
WARNING 178: coefficient SP_Osh     not used in model
 
WARNING 178: coefficient SK_Osh     not used in model
 
WARNING 178: coefficient SP_Ose     not used in model
 
WARNING 178: coefficient SK_Ose     not used in model
 
WARNING 178: coefficient S_jobs     not used in model
 
WARNING 178: coefficient SP_downtwn not used in model
 
WARNING 178: coefficient SK_downtwn not used in model
 
WARNING 178: coefficient S_pop      not used in model
 
WARNING 178: coefficient S_area     not used in model
 
Free   TEMP - COESRT          39.996 K bytes
 
ARRAYs increase data requirement    304730    369803
Distinct data item names     17124
 
INFORMATION 113: Log size multiplier is L_S_M
 
INFORMATION 115: maximum number of table rows  24
 
$PRINT controls
 Matrix statistics print      =   2
 Iteration print              =   2
 Number of rej. obs. output   =  25
 Transformations print        =   F
 Probability test level       =   .000000
 Reject observation is ERROR  =   F
 Accepted range for choice    =   .100000
 Out-of-range prints made     =     3
 Print only chosen alts.      =   F
 
$GEN.STATS controls
     6 total items selected
 
$ESTIMATE controls
 Control present = T
 Estimation done = T
 Linear first    = T
 Estimate later  = F
 Accept error    = F
 Error print     = 1
 
 
$ALGOR controls
 Maximum iterations          =  60
 Convergence level           =   .1000E-01
 1st derivative perp. test   =   .1000E-05
 Function rate of increase   =  -999.9
 Matrix inversion tolerance  =   .1000E-05
 Step reduction factor       =   .1500
 Cubic step adjustment will be used
 Convergence option          =   3
 Maximum step-reducing loops =   4
 
$DIMENSION specification
 origin
 
$KEEP (and protected FILE) items
 IZ        =   .210E+04; jMun      ; JCarDens  ; JCbd
 JHigh     ; JJobDens  ; JJobs     ; JPCosOther; JPCosWork
 JPop      ; JPopDens  ; JPrimary  ; JService  ; JShops
 JSingleHP ; JUni      ; JArea     ; zone      ; pop
 age7to17  ; age18to29 ; age30to49 ; age50to64 ; age64to99
 age7to99  ; age18to99 ; female    ; male      ; popDens
 workplaces; service   ; shops     ; logistics ; industry
 parkCostW ; parkCostE ; schoolL1  ; schoolL2  ; schoolL3
 area      ; detachS   ; detachSqrt; helsinki  ; cbd
 lauttaS   ; helsOther ; espooVantK; surround  ; shopsCbd
 shopsElse ; carDens   ; carsPer1K ; iMun
 
$ARRAY items
 impedance( 2098)   bikeDist( 2098)   bikeTime( 2098)   walkDist( 2098)
 walkTime( 2098)   ptCost( 2098)   ptDist( 2098)   ptTime( 2098)
 carCost( 2098)   carDist( 2098)   carTime( 2098)   jMun( 2098)
 JCarDens( 2098)   JCbd( 2098)   JHigh( 2098)   JJobDens( 2098)
 JJobs( 2098)   JPCosOther( 2098)   JPCosWork( 2098)   JPop( 2098)
 JPopDens( 2098)   JPrimary( 2098)   JService( 2098)   JShops( 2098)
 JSingleHP( 2098)   JUni( 2098)   JArea( 2098)
 
 
REPORT OF COEFFICIENTS
 
Label      Con   Value      Type
-------    ---   -----      -----
T_time      T   -.3145E-01  Utility
C_opark     T   -.2169      Utility
W_time      T   -.8819E-01  Utility
CT_gen      T   -.4881      Utility
C_Ocardns   T    .1086E-01  Utility
C_HAP       T    3.569      Utility
W_const     T    8.121      Utility
B_time      T   -.8472E-01  Utility
B_const     T    3.772      Utility
T_const     T    6.521      Utility
W_logtime   T    .1513      Utility
B_logtime   T    .1905      Utility
L_S_M       T    1.000      Log Size
S_OMP       T    1.301      Size
S_shops     F    4.730      Size
S_service   F    1.700      Size
Dcoeff      F    1.000      Tree
 
Free     alpha array        4000.000 K bytes
 
Report of main memory usage
Storage ndata:     369.803 mdata:    1000.000
Storage    np:        .017    mp:      10.000
Storage    na:       8.396  malt:      15.000
Storage   nut:      60.842   mut:     200.000
Storage ntran:     571.492 mtran:    2000.000
 
TREE allocating          67.176 K bytes
 
INFORMATION 001: control file processing time    39.35 secs.
 
DATA allocating         913.416 K bytes
 
INFORMATION 534: reached end of file   4 after        1 records
 
INFORMATION 534: reached end of file  15 after        1 records
 
INFORMATION 534: reached end of file  16 after        1 records
 
INFORMATION 534: reached end of file  17 after        1 records
 
INFORMATION 534: reached end of file  18 after        1 records
 
INFORMATION 534: reached end of file  19 after        1 records
 
INFORMATION 534: reached end of file  20 after        1 records
 
INFORMATION 534: reached end of file  21 after        1 records
 
INFORMATION 534: reached end of file  22 after        1 records
 
INFORMATION 534: reached end of file  23 after        1 records
 
INFORMATION 534: reached end of file  24 after        1 records
 
INFORMATION 534: reached end of file  25 after        1 records
 
INFORMATION 534: reached end of file  26 after        1 records
 
INFORMATION 534: reached end of file  27 after        1 records
 
INFORMATION 534: reached end of file  28 after        1 records
 
INFORMATION 534: reached end of file  29 after        1 records
 
OBSERVATION REJECTED 518:        255: choice Alt.000072 unavailable
 
OBSERVATION REJECTED 517:        297: choice indicator -2097 not an alternative
 
OBSERVATION REJECTED 517:        394: choice indicator -1796 not an alternative
 
OBSERVATION REJECTED 517:        427: choice indicator -2088 not an alternative
 
OBSERVATION REJECTED 518:        455: choice Alt.000002 unavailable
 
OBSERVATION REJECTED 517:        895: choice indicator -2025 not an alternative
 
OBSERVATION REJECTED 542: obs.       1128 size zero for chosen Alt.007674
 
OBSERVATION REJECTED 518:       1230: choice Alt.000666 unavailable
 
OBSERVATION REJECTED 518:       1273: choice Alt.000660 unavailable
 
OBSERVATION REJECTED 518:       1484: choice Alt.000001 unavailable
 
OBSERVATION REJECTED 518:       1565: choice Alt.001041 unavailable
 
OBSERVATION REJECTED 518:       1572: choice Alt.001041 unavailable
 
OBSERVATION REJECTED 517:       1706: choice indicator -2090 not an alternative
 
OBSERVATION REJECTED 518:       1866: choice Alt.001158 unavailable
 
OBSERVATION REJECTED 518:       1870: choice Alt.001149 unavailable
 
OBSERVATION REJECTED 518:       1884: choice Alt.004043 unavailable
 
OBSERVATION REJECTED 542: obs.       1934 size zero for chosen Alt.007674
 
OBSERVATION REJECTED 542: obs.       1971 size zero for chosen Alt.007674
 
OBSERVATION REJECTED 542: obs.       1974 size zero for chosen Alt.007686
 
OBSERVATION REJECTED 542: obs.       1978 size zero for chosen Alt.007688
 
OBSERVATION REJECTED 542: obs.       1982 size zero for chosen Alt.007674
 
OBSERVATION REJECTED 542: obs.       1987 size zero for chosen Alt.007674
 
OBSERVATION REJECTED 517:       2053: choice indicator -2097 not an alternative
 
OBSERVATION REJECTED 542: obs.       2065 size zero for chosen Alt.007674
 
OBSERVATION REJECTED 517:       2198: choice indicator -2043 not an alternative
 
INFORMATION 534: reached end of file   5 after     1771 records
 
INFORMATION 534: reached end of file   6 after     1771 records
 
INFORMATION 534: reached end of file   7 after     1771 records
 
INFORMATION 534: reached end of file   8 after     1771 records
 
INFORMATION 534: reached end of file   9 after     1771 records
 
INFORMATION 534: reached end of file  10 after     1771 records
 
INFORMATION 534: reached end of file  11 after     1771 records
 
INFORMATION 534: reached end of file  12 after     1771 records
 
INFORMATION 534: reached end of file  13 after     1771 records
 
INFORMATION 534: reached end of file  14 after     1771 records
 
INFORMATION 534: reached end of file   1 after     3200 records
 
Data input completed after    3200 records
 
Rejected    18 observations with unacceptable choices
 
Rejected    48 observations with errors in size variables etc.
 
PRVEST allocating            .024 K bytes
 
 
SELECTED STATISTICS
 
Total weight of data is     3981.43
 
Data Item  % Non-Zero  Minimum  Maximum  Average  Std. Dev.
---------  ----------  -------  -------  -------  ---------
CHOICE         100.00     1.00  8389.00  4109.38    2983.02
WEIGHT         100.00      .04    10.93     2.98       2.19
xfactor        100.00     8.20  1266.00   354.22     253.78
ttype          100.00     4.00     4.00
mode           100.00     1.00     5.00     2.79       1.47
jzone          100.00     1.00  2095.00   555.62     479.35
 
Free    INPUT (only)            .024 K bytes
 
INFORMATION 567: weight of data in tables    3981.426
 
WARNING 568: total log likelihood -19380.8196  in estimation was -18732.1029
 
Table for origin
 
-------------------------------------------
Choice     |    1 |   2 |   3 |   4 | Total
-----------+-------------------------------
  No. Chsn | 358.9  11.1    .0    .0 369.9
  SD. Chsn |  34.9   7.2    .1    .0  35.7
Row 000001 |  **+     -               **+
  No. Pred | 436.1   8.8    .0    .0 444.9
-----------+-------------------------------
  No. Chsn |   1.8 327.8   5.5    .0 335.1
  SD. Chsn |   4.0  43.8   4.2    .0  44.1
Row 000002 |   *+    *+     +         **+
  No. Pred |   6.1 409.9   8.2    .0 424.1
-----------+-------------------------------
  No. Chsn |    .0    .0 506.2    .6 506.8
  SD. Chsn |    .1   4.5  29.4    .2  29.7
Row 000003 |          +     -  ***-     -
  No. Pred |    .0   4.2 478.7    .0 483.0
-----------+-------------------------------
  No. Chsn |    .0    .0    .0 177.2 177.2
  SD. Chsn |    .0    .0    .8   9.9   9.9
Row 000004 |                +     +     +
  No. Pred |    .0    .0    .4 183.1 183.5
-----------+-------------------------------
  No. Chsn |    .0    .0    .0    .0    .0
  SD. Chsn |    .0    .0    .0    .0    .0
Row 000005 |
  No. Pred |    .0    .0    .0    .0    .0
-----------+-------------------------------
  No. Chsn |  36.7   9.5   1.7    .0  47.9
  SD. Chsn |   7.7   4.6    .8    .0   9.0
Row 000006 |  **-    *-    *-         **-
  No. Pred |  19.2   3.5    .2    .0  22.8
-----------+-------------------------------
  No. Chsn |   5.4  80.7   3.6    .0  89.7
  SD. Chsn |   2.2  10.1   2.1    .0  10.5
Row 000007 |   *-  ***-     -        ***-
  No. Pred |   1.6  18.3   2.1    .0  22.0
-----------+-------------------------------
  No. Chsn |    .0   4.0  72.3    .5  76.8
  SD. Chsn |    .6   3.4   6.7    .2   7.5
Row 000008 |    +     -  ***-   **-  ***-
  No. Pred |    .1   2.2  19.1    .0  21.4
-----------+-------------------------------
  No. Chsn |    .0    .0    .0  57.2  57.2
  SD. Chsn |    .0    .1    .6   1.8   1.9
Row 000009 |                +  ***-  ***-
  No. Pred |    .0    .0    .2   4.5   4.7
-----------+-------------------------------
  No. Chsn |    .0    .0    .0    .0    .0
  SD. Chsn |    .0    .0    .0    .0    .0
Row 000010 |
  No. Pred |    .0    .0    .0    .0    .0
-----------+-------------------------------
  No. Chsn |  96.4  94.6  48.9   3.4 243.3
  SD. Chsn |  10.0  16.0   6.1    .4  19.8
Row 000011 | ***-  ***-  ***-  ***-  ***-
  No. Pred |  32.7  45.4  15.7    .3  94.1
-----------+-------------------------------
  No. Chsn |   6.7  86.5   5.6    .2  99.0
  SD. Chsn |   5.0  14.3   5.2    .3  16.0
Row 000012 |    +  ***-    *+         **-
  No. Pred |   8.2  36.8  11.9    .2  57.1
-----------+-------------------------------
  No. Chsn |   5.0  12.5 110.4   5.9 133.9
  SD. Chsn |   3.3   8.4  10.7    .8  14.0
Row 000013 |    -        ***-  ***-  ***-
  No. Pred |   3.6  12.5  47.5   1.0  64.5
-----------+-------------------------------
  No. Chsn |    .0    .0   3.0   7.9  11.0
  SD. Chsn |    .4   1.1   1.5   2.3   3.0
Row 000014 |          +    *-     -     -
  No. Pred |    .0    .2   1.2   7.3   8.8
-----------+-------------------------------
  No. Chsn |    .0    .0    .0   2.5   2.5
  SD. Chsn |    .0    .1    .1    .3    .4
Row 000015 |                   ***-  ***-
  No. Pred |    .0    .0    .0    .2    .2
-----------+-------------------------------
  No. Chsn |  33.1  92.3  25.2  12.3 163.0
  SD. Chsn |  11.1  24.5   9.5   1.4  28.5
Row 000016 |    +     +    *+  ***-    *+
  No. Pred |  41.3 108.0  38.8   3.4 191.5
-----------+-------------------------------
  No. Chsn |  21.6 320.0  41.2   2.9 385.7
  SD. Chsn |   7.7  41.4  15.9   3.0  45.1
Row 000017 |    -     +  ***+  ***+   **+
  No. Pred |  20.6 323.2 124.8  16.7 485.3
-----------+-------------------------------
  No. Chsn |  11.2  80.3 608.8 265.4 965.7
  SD. Chsn |   5.1  29.0  38.6  13.1  50.3
Row 000018 |    -   **+    *+    *+  ***+
  No. Pred |   9.1 160.9 677.2 283.11130.3
-----------+-------------------------------
  No. Chsn |   1.8  15.8  11.0 264.0 292.5
  SD. Chsn |    .5   3.6   5.3  13.3  14.7
Row 000019 | ***-  ***-    *+   **+    *+
  No. Pred |    .1   2.5  18.1 299.5 320.2
-----------+-------------------------------
  No. Chsn |    .0   1.2    .7  19.8  21.7
  SD. Chsn |    .1    .5    .5   3.1   3.2
Row 000020 |        **-    *-     +     -
  No. Pred |    .0    .0    .1  20.3  20.5
-----------+-------------------------------
  No. Chsn | 578.61136.41444.2 819.63978.9
Total      |
  No. Pred | 578.61136.41444.2 819.63978.9
-------------------------------------------
 
WARNING 570: table rows or columns omit   2.5 observations
 
INFORMATION 571: Root-Mean-Square error is   13.340
 
INFORMATION 572: number of **stars** in table is108
 
Distribution of Values of (Chosen-Pred.)/SD Chosen
 .-----------------------------------------------.
 | <-3 | <-2 | <-1 | < 0 | < 1 | < 2 | < 3 | > 3 |
 |-----+-----+-----+-----+-----+-----+-----+-----|
 |   2 |   3 |   7 |  30 |  15 |   5 |   3 |  15 |
 .-----------------------------------------------.
 
Chi-Squared value is        141.39
Exceeds 99% confidence rejection value
 
Free            DATA         562.328 K bytes
 
INFORMATION 002: data processing time    42.76 secs.
 
Overview of time used
                         Seconds  (hr:min:sec)
Control file time   :      39.35     0:00:39
Data processing time:      42.80     0:00:43
Estimation time     :        .00     0:00:00
 
Total processing    :      82.15     0:01:22
